1534136490938	geckodriver	INFO	geckodriver 0.21.0 (c7d3022be6420de1ca4076d932aa32b299f3ea10 2018-06-14)
1534136490944	geckodriver	INFO	Listening on 127.0.0.1:51614
1534136534580	geckodriver	INFO	geckodriver 0.21.0 (c7d3022be6420de1ca4076d932aa32b299f3ea10 2018-06-14)
1534136534586	geckodriver	INFO	Listening on 127.0.0.1:51628
1534136542247	geckodriver	INFO	geckodriver 0.21.0 (c7d3022be6420de1ca4076d932aa32b299f3ea10 2018-06-14)
1534136542254	geckodriver	INFO	Listening on 127.0.0.1:51639
1534136773893	geckodriver	INFO	geckodriver 0.21.0 (c7d3022be6420de1ca4076d932aa32b299f3ea10 2018-06-14)
1534136773899	geckodriver	INFO	Listening on 127.0.0.1:51714
1534136942289	geckodriver	INFO	geckodriver 0.21.0 (c7d3022be6420de1ca4076d932aa32b299f3ea10 2018-06-14)
1534136942296	geckodriver	INFO	Listening on 127.0.0.1:51756
1534137062779	geckodriver	INFO	geckodriver 0.21.0 (c7d3022be6420de1ca4076d932aa32b299f3ea10 2018-06-14)
1534137062786	geckodriver	INFO	Listening on 127.0.0.1:51811
1534137113400	geckodriver	INFO	geckodriver 0.21.0 (c7d3022be6420de1ca4076d932aa32b299f3ea10 2018-06-14)
1534137113406	geckodriver	INFO	Listening on 127.0.0.1:51824
1534138127128	geckodriver	INFO	geckodriver 0.21.0
1534138127134	geckodriver	INFO	Listening on 127.0.0.1:52290
1534138130173	mozrunner::runner	INFO	Running command: "C:\\Program Files\\Mozilla Firefox\\firefox.exe" "-marionette" "-foreground" "-no-remote" "-profile" "C:\\Users\\Sheldon\\AppData\\Local\\Temp\\rust_mozprofile.Ln7UsJhW1Gll"
Unable to read VR Path Registry from C:\Users\Sheldon\AppData\Local\openvr\openvrpaths.vrpath
Unable to read VR Path Registry from C:\Users\Sheldon\AppData\Local\openvr\openvrpaths.vrpath
Unable to read VR Path Registry from C:\Users\Sheldon\AppData\Local\openvr\openvrpaths.vrpath
Unable to read VR Path Registry from C:\Users\Sheldon\AppData\Local\openvr\openvrpaths.vrpath
Unable to read VR Path Registry from C:\Users\Sheldon\AppData\Local\openvr\openvrpaths.vrpath
1534138131390	Marionette	INFO	Listening on port 52298
1534138131778	Marionette	WARN	TLS certificate errors will be ignored for this session
[Parent 5636, Gecko_IOThread] WARNING: pipe error: 109: file z:/build/build/src/ipc/chromium/src/chrome/common/ipc_channel_win.cc, line 346
[Child 6420, Chrome_ChildThread] WARNING: pipe error: 109: file z:/build/build/src/ipc/chromium/src/chrome/common/ipc_channel_win.cc, line 346
[[Parent 5636, Gecko_IOThread] WARNING: pipe error: 109: file z:/build/build/src/ipc/chromium/src/chrome/common/ipc_channel_win.cc, line 346
[Child 11868, Chrome_ChildThread] WARNING: pipe error: 109: file z:/build/build/src/ipc/chromium/src/chrome/common/ipc_channel_win.cc, line 346
[Child 11868, Chrome_ChildThre*** UTM:SVC TimerManager:registerTimer called after profile-before-change notification. Ignoring timer registration for id: telemetry_modules_ping
[GPU 9744, Chrome_C
###!!! [Child][MessageChannel::SendAndWait] Error: Channel error: cannot send/recv

1534138165315	geckodriver	INFO	geckodriver 0.21.0
1534138165321	geckodriver	INFO	Listening on 127.0.0.1:52348
1534138168342	mozrunner::runner	INFO	Running command: "C:\\Program Files\\Mozilla Firefox\\firefox.exe" "-marionette" "-foreground" "-no-remote" "-profile" "C:\\Users\\Sheldon\\AppData\\Local\\Temp\\rust_mozprofile.7ffRmWCY5mcj"
Unable to read VR Path Registry from C:\Users\Sheldon\AppData\Local\openvr\openvrpaths.vrpath
Unable to read VR Path Registry from C:\Users\Sheldon\AppData\Local\openvr\openvrpaths.vrpath
Unable to read VR Path Registry from C:\Users\Sheldon\AppData\Local\openvr\openvrpaths.vrpath
Unable to read VR Path Registry from C:\Users\Sheldon\AppData\Local\openvr\openvrpaths.vrpath
Unable to read VR Path Registry from C:\Users\Sheldon\AppData\Local\openvr\openvrpaths.vrpath
1534138169671	Marionette	INFO	Listening on port 52356
1534138169950	Marionette	WARN	TLS certificate errors will be ignored for this session
[Child 2900, Chrome_ChildThread] WARNING: pipe error: 109: file z:/build/build/src/ipc/chromium/src/chrome/common/ipc_channel_win.cc, line 346
[Parent 5292, Gecko_IOThread] WARNING: pipe error: 109: file z:/build/build/src/ipc/chromium/src/chrome/common/ipc_channel_win.cc, line 346
[Child 4284, Chrome_ChildThread] WARNING: pipe error: 109: file z:/build/build/src/ipc/chromium/src/chrome/common/ipc_channel_win.cc, line 346
[Child 4284, Chrome_ChildThread][Parent 5292, Gecko_IOThread] WARNING: pipe error: 109: file z:/build/build/src/ipc/chromium/src/chrome/common/ipc_channel_win.cc, line 346
*** UTM:SVC TimerManager:registerTimer called after profile-before-change notification. Ignoring timer registration for id: telemetry_modules_ping
[GPU 11748, Chrome_Child
###!!! [Child][MessageChannel::SendAndWait] Error: Channel error: cannot send/recv

1534138421890	geckodriver	INFO	geckodriver 0.21.0
1534138421896	geckodriver	INFO	Listening on 127.0.0.1:52399
1534138424928	mozrunner::runner	INFO	Running command: "C:\\Program Files\\Mozilla Firefox\\firefox.exe" "-marionette" "-foreground" "-no-remote" "-profile" "C:\\Users\\Sheldon\\AppData\\Local\\Temp\\rust_mozprofile.M5VM2SWTbPQz"
Unable to read VR Path Registry from C:\Users\Sheldon\AppData\Local\openvr\openvrpaths.vrpath
Unable to read VR Path Registry from C:\Users\Sheldon\AppData\Local\openvr\openvrpaths.vrpath
Unable to read VR Path Registry from C:\Users\Sheldon\AppData\Local\openvr\openvrpaths.vrpath
Unable to read VR Path Registry from C:\Users\Sheldon\AppData\Local\openvr\openvrpaths.vrpath
Unable to read VR Path Registry from C:\Users\Sheldon\AppData\Local\openvr\openvrpaths.vrpath
1534138425998	Marionette	INFO	Listening on port 52407
1534138426048	Marionette	WARN	TLS certificate errors will be ignored for this session
[Child 9648, Chrome_ChildThread] WARNING: pipe error: 109: file z:/build/build/src/ipc/chromium/src/chrome/common/ipc_channel_win.cc, line 346
[Child 9648, Chrome_ChildThread] WARNUnable to read VR Path Registry from C:\Users\Sheldon\AppData\Local\openvr\openvrpaths.vrpath
[Parent 3796, Gecko_IOThread] WARNING: pipe error: 109: file z:/build/build/src/ipc/chromium/src/chrome/common/ipc_channel_win.cc, line 346
[Parent 3796, Gecko_IOThread] WARNING: pipe error: 109: file z:/build/build/src/ipc/chromium/src/chrome/common/ipc_channel_win.cc, line 346
[Child 7044, Chrome_ChildThread] WARNING: pipe error: 109: file z:/build/build/src/ipc/chromium/src/chrome/common/ipc_channel_win.cc, line 346
[Child 7044, Chrome_ChildThread] WARNING: pipe error: 109: file z:/build/build/src/ipc/chromium/src/chrome/common/ipc_channel_win.cc, line 346
[Child 9580, Chrome_ChildThread] WARNING: pipe error: 109: file z:/build/build/src/ipc/chromium/src/chrome/common/ipc_channel_win.cc, line 346
[Child 9580, Chrome_ChildThread] WARNING: pipe error: 109: file z:/build/build/src/ipc/chromium/src/chrome/common/ipc_channel_win.cc, line 346
[Parent 3796, Gecko_IOThread] WARNING: pipe error: 109: file z:/build/build/src/ipc/chromium/src/chrome/common/ipc_channel_win.cc, line 346
*** UTM:SVC TimerManager:registerTimer called after profile-before-change notification. Ignoring timer registration for id: telemetry_modules_ping
[GPU 788, Chrome_ChildThread] WARNI
###!!! [Child][MessageChannel::SendAndWait] Error: Channel error: cannot send/recv

1534138825338	geckodriver	INFO	geckodriver 0.21.0
1534138825344	geckodriver	INFO	Listening on 127.0.0.1:52534
1534138828375	mozrunner::runner	INFO	Running command: "C:\\Program Files\\Mozilla Firefox\\firefox.exe" "-marionette" "-foreground" "-no-remote" "-profile" "C:\\Users\\Sheldon\\AppData\\Local\\Temp\\rust_mozprofile.N9NKn9xYXXXs"
Unable to read VR Path Registry from C:\Users\Sheldon\AppData\Local\openvr\openvrpaths.vrpath
Unable to read VR Path Registry from C:\Users\Sheldon\AppData\Local\openvr\openvrpaths.vrpath
Unable to read VR Path Registry from C:\Users\Sheldon\AppData\Local\openvr\openvrpaths.vrpath
Unable to read VR Path Registry from C:\Users\Sheldon\AppData\Local\openvr\openvrpaths.vrpath
Unable to read VR Path Registry from C:\Users\Sheldon\AppData\Local\openvr\openvrpaths.vrpath
1534138829432	Marionette	INFO	Listening on port 52542
1534138829492	Marionette	WARN	TLS certificate errors will be ignored for this session
[Parent 9816, Gecko_IOThread] WARNING: pipe error: 109: file z:/build/build/src/ipc/chromium/src/chrome/common/ipc_channel_win.cc, line 346
[Parent 9816, Gecko_IOThread] WARNING: pipe error: 109: file z:/build/build/src/ipc/chromium/src/chrome/common/ipc_channel_win.cc, line 346
[Child 9432, Chrome_ChildThread] WARNING: pipe error: 109: file z:/build/build/src/ipc/chromium/src/chrome/common/ipc_channel_win.cc, line 346
[Child 9432, Chrome_ChildThread] WARNING: pi[Child 5580, Chrome_ChildThread] WARNING: pipe error: 109: file z:/build/build/src/ipc/chromium/src/chrome/common/ipc_channel_win.cc, line 346
[Child 5580, Chrome_ChildThread] WARN[Parent 9816, Gecko_IOThread] WARNING: pipe error: 109: file z:/build/build/src/ipc/chromium/src/chrome/common/ipc_channel_win.cc, line 346
[GPU 2088, Chrome_ChildThread]
###!!! [Child][MessageChannel::SendAndWait] Error: Channel error: cannot send/recv

cate errors will be ignored for this session
[Parent 11748, Gecko_IOThread] WARNING: pipe error: 109: file z:/build/build/src/ipc/chromium/src/chrome/common/ipc_channel_win.cc, line 346
[Child 8460, Chrome_ChildThread] WARNING: pipe error: 109: file z:/build/build/src/ipc/chromium/src/chrome/common/ipc_channel_win.cc, line 346
[Child 8460, Chrome_ChildThread] WARNING: pipe error: 109: fil[Child 5436, Chrome_ChildThread] WARNING: pipe error: 109: file z:/build/build/src/ipc/chromium/src/chrome/common/ipc_channel_win.cc, line 346
[Child 5436, Chrome_ChildThread] WARNING: pipe error: 109: file z:/build/build/src/ipc/chromium/src/chrome/common/ipc_channel_win.cc, line 346
[Parent 11748, Gecko_IOThread] WARNING: pipe error: 109: file z:/build/build/src/ipc/chromium/src/chrome/common/ipc_channel_win.cc, line 346
[GPU 952, Chrome_ChildT
###!!! [Child][MessageChannel::SendAndWait] Error: Channel error: cannot send/recv

ette	WARN	TLS certificate errors will be ignored for this session
[Parent 10840, Gecko_IOThread] WARNING: pipe error: 109: file z:/build/build/src/ipc/chromium/src/chrome/common/ipc_channel_win.cc, line 346
[Child 7272, Chrome_ChildThread] WARNING: pipe error: 109: file z:/build/build/src/ipc/chromium/src/chrome/common/ipc_channel_win.cc, line 346
[Child 7272, Chrome_ChildThread] WARNING: pipe error: 109: file z:/build/build/src/ipc/chromium/src/chrome/common/ipc_channel_win[Child 1292, Chrome_ChildThread] WARNING: pipe error: 109: file z:/build/build/src/ipc/chromium/src/chrome/common/ipc_channel_win.cc, line 346
[Child 1292, Chrome_ChildThread] WAR[Parent 10840, Gecko_IOThread] WARNING: pipe error: 109: file z:/build/build/src/ipc/chromium/src/chrome/common/ipc_channel_win.cc, line 346
*** UTM:SVC TimerManager:registerTimer called after profile-before-change notification. Ignoring timer registration for id: telemetry_modules_ping
[GPU 968, Chrome_ChildTh
###!!! [Child][MessageChannel::SendAndWait] Error: Channel error: cannot send/recv

1534139730459	geckodriver	INFO	geckodriver 0.21.0
1534139730465	geckodriver	INFO	Listening on 127.0.0.1:52818
1534139733486	mozrunner::runner	INFO	Running command: "C:\\Program Files\\Mozilla Firefox\\firefox.exe" "-marionette" "-foreground" "-no-remote" "-profile" "C:\\Users\\Sheldon\\AppData\\Local\\Temp\\rust_mozprofile.8apVpABcqcAb"
Unable to read VR Path Registry from C:\Users\Sheldon\AppData\Local\openvr\openvrpaths.vrpath
Unable to read VR Path Registry from C:\Users\Sheldon\AppData\Local\openvr\openvrpaths.vrpath
Unable to read VR Path Registry from C:\Users\Sheldon\AppData\Local\openvr\openvrpaths.vrpath
Unable to read VR Path Registry from C:\Users\Sheldon\AppData\Local\openvr\openvrpaths.vrpath
Unable to read VR Path Registry from C:\Users\Sheldon\AppData\Local\openvr\openvrpaths.vrpath
1534139734562	Marionette	INFO	Listening on port 52826
1534139734610	Marionette	WARN	TLS certificate errors will be ignored for this session
[Parent 4632, Gecko_IOThread] WARNING: pipe error: 109: file z:/build/build/src/ipc/chromium/src/chrome/common/ipc_channel_win.cc, line 346
[Child 2396, Chrome_ChildThread] WARNING: pipe error: 109: file z:/build/build/src/ipc/chromium/src/chrome/common/ipc_channel_win.cc, line 346
[Child 2396, Chrome_ChildThread] [Parent 4632, Gecko_IOThread] WARNING: pipe error: 109: file z:/build/build/src/ipc/chromium/src/chrome/common/ipc_channel_win.cc, line 346
[Child 7476, Chrome_ChildThread] WARNING: pipe error: 109: file z:/build/build/src/ipc/chromium/src/chrome/common/ipc_channel_win.cc, line 346
[Child 7476, Chrome_ChildThread] WARNING: pipe error: 109: file z:/build/build/src/ipc/chromium/src/chrom*** UTM:SVC TimerManager:registerTimer called after profile-before-change notification. Ignoring timer registration for id: telemetry_modules_ping

###!!! [Child][MessageChannel::SendAndWait] Error: Channel error: cannot send/recv

1534139766634	geckodriver	INFO	geckodriver 0.21.0
1534139766640	geckodriver	INFO	Listening on 127.0.0.1:52859
1534139769676	mozrunner::runner	INFO	Running command: "C:\\Program Files\\Mozilla Firefox\\firefox.exe" "-marionette" "-foreground" "-no-remote" "-profile" "C:\\Users\\Sheldon\\AppData\\Local\\Temp\\rust_mozprofile.UGzORgpnVMHA"
Unable to read VR Path Registry from C:\Users\Sheldon\AppData\Local\openvr\openvrpaths.vrpath
Unable to read VR Path Registry from C:\Users\Sheldon\AppData\Local\openvr\openvrpaths.vrpath
Unable to read VR Path Registry from C:\Users\Sheldon\AppData\Local\openvr\openvrpaths.vrpath
Unable to read VR Path Registry from C:\Users\Sheldon\AppData\Local\openvr\openvrpaths.vrpath
Unable to read VR Path Registry from C:\Users\Sheldon\AppData\Local\openvr\openvrpaths.vrpath
1534139770755	Marionette	INFO	Listening on port 52867
1534139770794	Marionette	WARN	TLS certificate errors will be ignored for this session
[Child 380, Chrome_ChildThread] WARNING: pipe error: 109: file z:/build/build/src/ipc/chromium/src/chrome/common/ipc_channel_win.cc, line 346
[Child 380, Chrome_ChildThread] WARNING: pipe error: 109: file z:/build/build/src/ipc/chromium/src/chrome/common/ipc_channel_win.cc, line 346
[Parent 6188, Gecko_IOThread] WARNING: pipe error: 109: file z:/build/build/src/ipc/chromium/src/chrome/common/ipc_channel_win.cc, line 346
[Child 8592, Chrome_ChildThread] WARNING: pipe error: 109: file z:/build/build/src/ipc/chromium/src/chrome/common/ipc_channel_win.cc, line 346
[Child 8592, Chrome_ChildThread] WARNING: pipe error: 109: file *** UTM:SVC TimerManager:registerTimer called after profile-before-change notification. Ignoring timer registration for id: telemetry_modules_ping
[GPU 2984, Chrome_ChildThrea
###!!! [Child][MessageChannel::SendAndWait] Error: Channel error: cannot send/recv

1534139845080	geckodriver	INFO	geckodriver 0.21.0
1534139845086	geckodriver	INFO	Listening on 127.0.0.1:52920
1534139848096	mozrunner::runner	INFO	Running command: "C:\\Program Files\\Mozilla Firefox\\firefox.exe" "-marionette" "-foreground" "-no-remote" "-profile" "C:\\Users\\Sheldon\\AppData\\Local\\Temp\\rust_mozprofile.Ny1KYxuqepgx"
Unable to read VR Path Registry from C:\Users\Sheldon\AppData\Local\openvr\openvrpaths.vrpath
Unable to read VR Path Registry from C:\Users\Sheldon\AppData\Local\openvr\openvrpaths.vrpath
Unable to read VR Path Registry from C:\Users\Sheldon\AppData\Local\openvr\openvrpaths.vrpath
Unable to read VR Path Registry from C:\Users\Sheldon\AppData\Local\openvr\openvrpaths.vrpath
Unable to read VR Path Registry from C:\Users\Sheldon\AppData\Local\openvr\openvrpaths.vrpath
1534139849145	Marionette	INFO	Listening on port 52929
1534139849212	Marionette	WARN	TLS certificate errors will be ignored for this session
[Parent 9920, Gecko_IOThread] WARNING: pipe error: 109: file z:/build/build/src/ipc/chromium/src/chrome/common/ipc_channel_win.cc, line 346
[Parent 9920, Gecko_IOThread] WARNING: pipe error: 109: file z:/build/build/src/ipc/chromium/src/chrome/common/ipc_channel_win.cc, line 346
[Parent 9920, Gecko_IOThread] WARNING: pipe error: 109: file z:/build/build/src/ipc/chromium/src/chrome/common/ipc_channel_win.cc, line 346
[Child 2496, Chrome_ChildThread] WARNING: pipe error: 109: file z:/build/build/src/ipc/chromium/src/chrome/common/ipc_channel_win.cc, line 346
[GPU 10412, Chrome_ChildThre
###!!! [Child][MessageChannel::SendAndWait] Error: Channel error: cannot send/recv

1534140069795	geckodriver	INFO	geckodriver 0.21.0
1534140069801	geckodriver	INFO	Listening on 127.0.0.1:52972
1534140072832	mozrunner::runner	INFO	Running command: "C:\\Program Files\\Mozilla Firefox\\firefox.exe" "-marionette" "-foreground" "-no-remote" "-profile" "C:\\Users\\Sheldon\\AppData\\Local\\Temp\\rust_mozprofile.ZCHcyLsJJbdw"
Unable to read VR Path Registry from C:\Users\Sheldon\AppData\Local\openvr\openvrpaths.vrpath
Unable to read VR Path Registry from C:\Users\Sheldon\AppData\Local\openvr\openvrpaths.vrpath
Unable to read VR Path Registry from C:\Users\Sheldon\AppData\Local\openvr\openvrpaths.vrpath
Unable to read VR Path Registry from C:\Users\Sheldon\AppData\Local\openvr\openvrpaths.vrpath
Unable to read VR Path Registry from C:\Users\Sheldon\AppData\Local\openvr\openvrpaths.vrpath
1534140073891	Marionette	INFO	Listening on port 52980
1534140073942	Marionette	WARN	TLS certificate errors will be ignored for this session
[Parent 7900, Gecko_IOThread] WARNING: pipe error: 109: file z:/build/build/src/ipc/chromium/src/chrome/common/ipc_channel_win.cc, line 346
[Child 10972, Chrome_ChildThread] WARNING: pipe error: 109: file z:/build/build/src/ipc/chromium/src/chrome/common/ipc_channel_win.cc, line 346
[Child 10972, Chrome_ChildThread] WARNING: pipe error: 109: file z:/build/build/src/ipc/chromium/src/chrome/common/ipc_channel_win.cc, line 346
[Child 788, Chrome_ChildThread] WARNING: pipe error: 109: file z:/build/build/src/ipc/chromium/src/chrome/common/ipc_channel_win.cc, line 346
[Child 788, Chrome_ChildThread] WARNING: pipe error: 109: file z:/build/build/src/ipc/chromium/src/chrome/common/ipc_channel_wi[Parent 7900, Gecko_IOThread] WARNING: pipe error: 109: file z:/build/build/src/ipc/chromium/src/chrome/common/ipc_channel_win.cc, line 346
[Child 1628, Chrome_ChildThread] WARNING: pipe error: 109: file z:/build/build/src/ipc/chromium/src/chrome/common/ipc_channel_win.cc, line 346
[Child 1628, Chrome_ChildThre[GPU 5992, Chrome_ChildThread] WARNING: pipe error: 109: file z:/build/build/src/ipc/chromium/src/chrome/common/ipc_channel_win.cc, line 346

###!!! [Child][MessageChannel::SendAndWait] Error: Channel error: cannot send/recv

ld 2964, Chrome_ChildThread] WARNING: pipe error: 109: file z:/build/build/src/ipc/chromium/src/chrome[Child 8856, Chrome_ChildThread] WARNING: pipe error: 109: file z:/build/build/src/ipc/chromium/src/chrome/common/ipc_channel_win.cc, line 346
[Child 8856, Chrome_ChildThread] WARNING: [Parent 6556, Gecko_IOThread] WARNING: pipe error: 109: file z:/build/build/src/ipc/chromium/src/chrome/common/ipc_channel_win.cc, line 346
[Child 3512, Chrome_ChildThread] WARNING: pipe error: 109: file z:/build/build/src/ipc/chromium/src/chrome/common/ipc_channel_win.cc, line 346
[Child 3512, Chrome_Child[GPU 2640, Chrome_ChildThread] 
###!!! [Child][MessageChannel::SendAndWait] Error: Channel error: cannot send/recv

1534140239848	geckodriver	INFO	geckodriver 0.21.0
1534140239854	geckodriver	INFO	Listening on 127.0.0.1:53094
1534140242885	mozrunner::runner	INFO	Running command: "C:\\Program Files\\Mozilla Firefox\\firefox.exe" "-marionette" "-foreground" "-no-remote" "-profile" "C:\\Users\\Sheldon\\AppData\\Local\\Temp\\rust_mozprofile.e8Jf0B8MQPeN"
Unable to read VR Path Registry from C:\Users\Sheldon\AppData\Local\openvr\openvrpaths.vrpath
Unable to read VR Path Registry from C:\Users\Sheldon\AppData\Local\openvr\openvrpaths.vrpath
Unable to read VR Path Registry from C:\Users\Sheldon\AppData\Local\openvr\openvrpaths.vrpath
Unable to read VR Path Registry from C:\Users\Sheldon\AppData\Local\openvr\openvrpaths.vrpath
Unable to read VR Path Registry from C:\Users\Sheldon\AppData\Local\openvr\openvrpaths.vrpath
1534140243943	Marionette	INFO	Listening on port 53102
1534140244001	Marionette	WARN	TLS certificate errors will be ignored for this session
[Child 3400, Chrome_ChildThread] WARNING: pipe error: 109: file z:/build/build/src/ipc/chromium/src/chrome/common/ipc_channel_win.cc, line 346
[Child 3400, Chrome_ChildThre[Parent 8880, Gecko_IOThread] WARNING: pipe error: 109: file z:/build/build/src/ipc/chromium/src/chrome/common/ipc_channel_win.cc, line 346
[GPU 7476, Chrome_ChildThread]
###!!! [Child][MessageChannel::SendAndWait] Error: Channel error: cannot send/recv

1534140391750	geckodriver	INFO	geckodriver 0.21.0
1534140391757	geckodriver	INFO	Listening on 127.0.0.1:53139
1534140394789	mozrunner::runner	INFO	Running command: "C:\\Program Files\\Mozilla Firefox\\firefox.exe" "-marionette" "-foreground" "-no-remote" "-profile" "C:\\Users\\Sheldon\\AppData\\Local\\Temp\\rust_mozprofile.23KKMabj9ZiD"
Unable to read VR Path Registry from C:\Users\Sheldon\AppData\Local\openvr\openvrpaths.vrpath
Unable to read VR Path Registry from C:\Users\Sheldon\AppData\Local\openvr\openvrpaths.vrpath
Unable to read VR Path Registry from C:\Users\Sheldon\AppData\Local\openvr\openvrpaths.vrpath
Unable to read VR Path Registry from C:\Users\Sheldon\AppData\Local\openvr\openvrpaths.vrpath
Unable to read VR Path Registry from C:\Users\Sheldon\AppData\Local\openvr\openvrpaths.vrpath
1534140395863	Marionette	INFO	Listening on port 53149
1534140395915	Marionette	WARN	TLS certificate errors will be ignored for this session
[Child 11932, Chrome_ChildThread] WARNING: pipe error: 109: file z:/build/build/src/ipc/chromium/src/chrome/common/ipc_channel_win.cc, line 346
[Child 11932, Chrome_ChildThread] WARNING: pipe error: 109: file z:/build/build/src/ipc/chrUnable to read VR Path Registry from C:\Users\Sheldon\AppData\Local\openvr\openvrpaths.vrpath
[Parent 11252, Gecko_IOThread] WARNING: pipe error: 109: file z:/build/build/src/ipc/chromium/src/chrome/common/ipc_channel_win.cc, line 346
[Child 8620, Chrome_ChildThread] WARNING: pipe error: 109: file z:/build/build/src/ipc/chromium/src/chrome/common/ipc_channel_win.cc, line 346
[Child 8620, Chrome_ChildThread] WARN[Child 12248, Chrome_ChildThread] WARNING: pipe error: 109: file z:/build/build/src/ipc/chromium/src/chrome/common/ipc_channel_win.cc, line 346
[Child 12248, Chrome_ChildThread] WARNING: pip[Parent 11252, Gecko_IOThread] WARNING: pipe error: 109: file z:/build/build/src/ipc/chromium/src/chrome/common/ipc_channel_win.cc, line 346
[GPU 11844, Chrome_Chi
###!!! [Child][MessageChannel::SendAndWait] Error: Channel error: cannot send/recv

1534140517236	geckodriver	INFO	geckodriver 0.21.0
1534140517242	geckodriver	INFO	Listening on 127.0.0.1:53207
1534140520267	mozrunner::runner	INFO	Running command: "C:\\Program Files\\Mozilla Firefox\\firefox.exe" "-marionette" "-foreground" "-no-remote" "-profile" "C:\\Users\\Sheldon\\AppData\\Local\\Temp\\rust_mozprofile.BCjV4g7biyCC"
Unable to read VR Path Registry from C:\Users\Sheldon\AppData\Local\openvr\openvrpaths.vrpath
Unable to read VR Path Registry from C:\Users\Sheldon\AppData\Local\openvr\openvrpaths.vrpath
Unable to read VR Path Registry from C:\Users\Sheldon\AppData\Local\openvr\openvrpaths.vrpath
Unable to read VR Path Registry from C:\Users\Sheldon\AppData\Local\openvr\openvrpaths.vrpath
Unable to read VR Path Registry from C:\Users\Sheldon\AppData\Local\openvr\openvrpaths.vrpath
1534140521355	Marionette	INFO	Listening on port 53215
1534140521385	Marionette	WARN	TLS certificate errors will be ignored for this session
[Parent 12620, Gecko_IOThread] WARNING: pipe error: 109: file z:/build/build/src/ipc/chromium/src/chrome/common/ipc_channel_win.cc, line 346
[Child 13028, Chrome_ChildThread] WARNING: pipe error: 109: file z:/build/build/src/ipc/chromium/src/chrome/common/ipc_channel_win.cc, line 346
[Child 13028, Chrome_ChildThread] WARNING: pipe error: 109: file z:/build/build/src/ipc/chromium/src/chrome/common/ipc_channel_win.cc, line 346
[Child 13040, Chrome_ChildThread] WARNING: pipe error: 109: file z:/build/build/src/ipc/chromium/src/chrome/common/ipc_channel_win.cc, line 346
[Parent 12620, Gecko_IOThread] WARNING: pipe error: 109: file z:/build/build/src/ipc/chromium/src/chrome/common/ipc_channel_win.cc, line 346
[GP
###!!! [Child][MessageChannel::SendAndWait] Error: Channel error: cannot send/recv

1534140739029	geckodriver	INFO	geckodriver 0.21.0
1534140739035	geckodriver	INFO	Listening on 127.0.0.1:53274
1534140742065	mozrunner::runner	INFO	Running command: "C:\\Program Files\\Mozilla Firefox\\firefox.exe" "-marionette" "-foreground" "-no-remote" "-profile" "C:\\Users\\Sheldon\\AppData\\Local\\Temp\\rust_mozprofile.45gh1I2fmGv8"
Unable to read VR Path Registry from C:\Users\Sheldon\AppData\Local\openvr\openvrpaths.vrpath
Unable to read VR Path Registry from C:\Users\Sheldon\AppData\Local\openvr\openvrpaths.vrpath
Unable to read VR Path Registry from C:\Users\Sheldon\AppData\Local\openvr\openvrpaths.vrpath
Unable to read VR Path Registry from C:\Users\Sheldon\AppData\Local\openvr\openvrpaths.vrpath
Unable to read VR Path Registry from C:\Users\Sheldon\AppData\Local\openvr\openvrpaths.vrpath
1534140743154	Marionette	INFO	Listening on port 53284
1534140743187	Marionette	WARN	TLS certificate errors will be ignored for this session
[Child 3764, Chrome_ChildThread] WARNING: pipe error: 109: file z:/build/build/src/ipc/chromium/src/chrome/common/ipc_channel_win.cc, line 346
[Child 12836, Chrome_ChildThread] WARNING: pipe error: 109: file z:/build/build/src/ipc/chromium/src/chrome/common/ipc_channel_win.cc, line 346
[Child 12836, Chrome_ChildThread] WARNING: pipe error: 109: file z:/build/build/src/ipc/chromium/src/chrome/common/ipc_channel_[Parent 9280, Gecko_IOThread] WARNING: pipe error: 109: file z:/build/build/src/ipc/chromium/src/chrome/common/ipc_channel_win.cc, line 346
[Child 9684, Chrome_ChildThread] WARNING: pipe error: 109: file z:/build/build/src/ipc/chromium/src/chrome/common/ipc_channel_win.cc, line 346
[Child 9684, Chrome_ChildThr[GPU 3512, Chrome_ChildThread] WARNING: pipe e
###!!! [Child][MessageChannel::SendAndWait] Error: Channel error: cannot send/recv

3329
1534140800988	Marionette	WARN	TLS certificate errors will be ignored for this session
[Parent 6724, Gecko_IOThread] WARNING: pipe error: 109: file z:/build/build/src/ipc/chromium/src/chrome/common/ipc_channel_win.cc, line 346
[Child 10336, Chrome_ChildThread] WARNING: pipe error: 109: file z:/build/build/src/ipc/chromium/src/chrome/common/ipc_channel_win.cc, line 346
[Child 10336, Chrome_ChildThread] WARNING: pipe error: 109: file z:/b[Parent 6724, Gecko_IOThread] WARNING: pipe error: 109: file z:/build/build/src/ipc/chromium/src/chrome/common/ipc_channel_win.cc, line 346
[Child 8840, Chrome_ChildThread] WARNING: pipe error: 109: file z:/build/build/src/ipc/chromium/src/chrome/common/ipc_channel_win.cc, line 346
[Child 8840, Chrome_ChildThread] WARNIN[Parent 6724, Gecko_IOThread] WARNING: pipe error: 109: file z:/build/build/src/ipc/chromium/src/chrome/common/ipc_channel_win.cc, line 346
[Child 11792, Chrome_ChildThread] WARNING: pipe error: 109: file z:/build/build/src/ipc/chromium/src/chrome/common/ipc_channel_win.cc, line 346
[Child 11792, Chrome_ChildThread] WAR*** UTM:SVC TimerManager:registerTimer called after profile-before-change notification. Ignoring timer registration for id: telemetry_modules_ping
[GPU 9104, Chrome_Ch
###!!! [Child][MessageChannel::SendAndWait] Error: Channel error: cannot send/recv

1534141181792	geckodriver	INFO	geckodriver 0.21.0
1534141181799	geckodriver	INFO	Listening on 127.0.0.1:53367
1534141184828	mozrunner::runner	INFO	Running command: "C:\\Program Files\\Mozilla Firefox\\firefox.exe" "-marionette" "-foreground" "-no-remote" "-profile" "C:\\Users\\Sheldon\\AppData\\Local\\Temp\\rust_mozprofile.1CPbRqmeRT8a"
Unable to read VR Path Registry from C:\Users\Sheldon\AppData\Local\openvr\openvrpaths.vrpath
Unable to read VR Path Registry from C:\Users\Sheldon\AppData\Local\openvr\openvrpaths.vrpath
Unable to read VR Path Registry from C:\Users\Sheldon\AppData\Local\openvr\openvrpaths.vrpath
Unable to read VR Path Registry from C:\Users\Sheldon\AppData\Local\openvr\openvrpaths.vrpath
Unable to read VR Path Registry from C:\Users\Sheldon\AppData\Local\openvr\openvrpaths.vrpath
1534141185874	Marionette	INFO	Listening on port 53375
1534141185937	Marionette	WARN	TLS certificate errors will be ignored for this session
[Child 12604, Chrome_ChildThread] WARNING: pipe error: 109: file z:/build/build/src/ipc/chromium/src/chrome/common/ipc_channel_win.cc, line 346
[Child 12604, Chrome_ChildThrea[Parent 7964, Gecko_IOThread] WARNING: pipe error: 109: file z:/build/build/src/ipc/chromium/src/chrome/common/ipc_channel_win.cc, line 346
[Child 13072, Chrome_ChildThread] WARNING: pipe error: 109: file z:/build/build/src/ipc/chromium/src/chrome/common/ipc_channel_win.cc, line 346
[Child 13072, Chrome_ChildThread] WAR*** UTM:SVC TimerManager:registerTimer called after profile-before-change notification. Ignoring timer registration for id: telemetry_modules_ping
[GPU 12024, Chrome_Chil
###!!! [Child][MessageChannel::SendAndWait] Error: Channel error: cannot send/recv

1534141671995	geckodriver	INFO	geckodriver 0.21.0
1534141672001	geckodriver	INFO	Listening on 127.0.0.1:53520
1534141675022	mozrunner::runner	INFO	Running command: "C:\\Program Files\\Mozilla Firefox\\firefox.exe" "-marionette" "-foreground" "-no-remote" "-profile" "C:\\Users\\Sheldon\\AppData\\Local\\Temp\\rust_mozprofile.C3sqp5vrG87J"
Unable to read VR Path Registry from C:\Users\Sheldon\AppData\Local\openvr\openvrpaths.vrpath
Unable to read VR Path Registry from C:\Users\Sheldon\AppData\Local\openvr\openvrpaths.vrpath
Unable to read VR Path Registry from C:\Users\Sheldon\AppData\Local\openvr\openvrpaths.vrpath
Unable to read VR Path Registry from C:\Users\Sheldon\AppData\Local\openvr\openvrpaths.vrpath
Unable to read VR Path Registry from C:\Users\Sheldon\AppData\Local\openvr\openvrpaths.vrpath
1534141676148	Marionette	INFO	Listening on port 53528
[Parent 2616, Gecko_IOThread] WARNING: pipe error: 109: file z:/build/build/src/ipc/chromium/src/chrome/common/ipc_channel_win.cc, line 346
[Parent 2616, Gecko_IOThread] WARNING: pipe error: 109: file z:/build/build/src/ipc/chromium/src/chrome/common/ipc_channel_win.cc, line 346
[Child 8840, Chrome_ChildThread] WARNING: pipe error: 109: file z:/build/build/src/ipc/chromium/src/chrome/common/ipc_channel_win.cc, line 346
[Child 8840, Chrome_ChildThr[Child 12436, Chrome_ChildThread] WARNING: pipe error: 109: file z:/build/build/src/ipc/chromium/src/chrome/common/ipc_channel_win.cc, line 346
[Child 12436, Chrome_ChildThread] WARNING: pipe error: 109: file z:/build/build/[Parent 2616, Gecko_IOThread] WARNING: pipe error: 109: file z:/build/build/src/ipc/chromium/src/chrome/common/ipc_channel_win.cc, line 346
[Child 7924, Chrome_ChildThread] WARNING: pipe error: 109: file z:/build/build/src/ipc/chromium/src/chrome/common/ipc_channel_win.cc, line 346
[Child 7924, Chrome_ChildThread] WARN*** UTM:SVC TimerManager:registerTimer called after profile-before-change notification. Ignoring timer registration for id: telemetry_modules_ping

###!!! [Child][MessageChannel::SendAndWait] Error: Channel error: cannot send/recv

1534141698290	geckodriver	INFO	geckodriver 0.21.0
1534141698296	geckodriver	INFO	Listening on 127.0.0.1:53551
1534141701327	mozrunner::runner	INFO	Running command: "C:\\Program Files\\Mozilla Firefox\\firefox.exe" "-marionette" "-foreground" "-no-remote" "-profile" "C:\\Users\\Sheldon\\AppData\\Local\\Temp\\rust_mozprofile.oa1Bqh5JSBKk"
Unable to read VR Path Registry from C:\Users\Sheldon\AppData\Local\openvr\openvrpaths.vrpath
Unable to read VR Path Registry from C:\Users\Sheldon\AppData\Local\openvr\openvrpaths.vrpath
Unable to read VR Path Registry from C:\Users\Sheldon\AppData\Local\openvr\openvrpaths.vrpath
Unable to read VR Path Registry from C:\Users\Sheldon\AppData\Local\openvr\openvrpaths.vrpath
Unable to read VR Path Registry from C:\Users\Sheldon\AppData\Local\openvr\openvrpaths.vrpath
1534141702382	Marionette	INFO	Listening on port 53561
1534141702442	Marionette	WARN	TLS certificate errors will be ignored for this session
[Parent 9492, Gecko_IOThread] WARNING: pipe error: 109: file z:/build/build/src/ipc/chromium/src/chrome/common/ipc_channel_win.cc, line 346
[Child 7972, Chrome_ChildThread] WARNING: pipe error: 109: file z:/build/build/src/ipc/chromium/src/chrome/common/ipc_channel_win.cc, line 346
[Child 7972, Chrome_ChildThread] WARNING: pipe error: 109: file z:/build/build/src/ipc/chromium/src/chrome/common/ipc_channel_win.cc, line 346
[Parent 9492, Gecko_IOThread] WARNING: pipe error: 109: file z:/build/build/src/ipc/chromium/src/chrome/common/ipc_channel_win.cc, line 346
[Child 9428, Chrome_ChildThread] WARNING: pipe error: 109: file z:/build/build/src/ipc/chromium/src/chrome/common/ipc_channel_win.cc, line 346
[Child 9428, Chrome_ChildThread] WARNING: pipe er[Parent 9492, Gecko_IOThread] WARNING: pipe error: 109: file z:/build/build/src/ipc/chromium/src/chrome/common/ipc_channel_win.cc, line 346
*** UTM:SVC TimerManager:registerTimer called after profile-before-change notification. Ignoring timer registration for id: telemetry_modules_ping
[GPU 13192, Chrome_Chil
###!!! [Child][MessageChannel::SendAndWait] Error: Channel error: cannot send/recv

1534141754293	geckodriver	INFO	geckodriver 0.21.0
1534141754299	geckodriver	INFO	Listening on 127.0.0.1:53593
1534141757332	mozrunner::runner	INFO	Running command: "C:\\Program Files\\Mozilla Firefox\\firefox.exe" "-marionette" "-foreground" "-no-remote" "-profile" "C:\\Users\\Sheldon\\AppData\\Local\\Temp\\rust_mozprofile.Nrn5vAp1GDkr"
Unable to read VR Path Registry from C:\Users\Sheldon\AppData\Local\openvr\openvrpaths.vrpath
Unable to read VR Path Registry from C:\Users\Sheldon\AppData\Local\openvr\openvrpaths.vrpath
Unable to read VR Path Registry from C:\Users\Sheldon\AppData\Local\openvr\openvrpaths.vrpath
Unable to read VR Path Registry from C:\Users\Sheldon\AppData\Local\openvr\openvrpaths.vrpath
Unable to read VR Path Registry from C:\Users\Sheldon\AppData\Local\openvr\openvrpaths.vrpath
1534141758621	Marionette	INFO	Listening on port 53602
1534141758940	Marionette	WARN	TLS certificate errors will be ignored for this session
[Child 4248, Chrome_ChildThread] WARNING: pipe error: 109: file z:/build/build/src/ipc/chromium/src/chrome/common/ipc_channel_win.cc, line 346
[Child 4248, Chrome_ChildThread[Child 2876, Chrome_ChildThread] WARNING: pipe error: 109: file z:/build/build/src/ipc/chromium/src/chrome/common/ipc_channel_win.cc, line 346
[Child 2876, Chrome_ChildThread] WARNING: pipe error: 109: file z:/build/build/[Parent 500, Gecko_IOThread] WARNING: pipe error: 109: file z:/build/build/src/ipc/chromium/src/chrome/common/ipc_channel_win.cc, line 346
[Child 6516, Chrome_ChildThread] WARNING: pipe error: 109: file z:/build/build/src/ipc/chromium/src/chrome/common/ipc_channel_win.cc, line 346
[Child 6516, Chrome_ChildThread] WARNING: pipe error: 109: file z:/build/build*** UTM:SVC TimerManager:registerTimer called after profile-before-change notification. Ignoring timer registration for id: telemetry_modules_ping
[GPU 8224, Chrome_Ch
###!!! [Child][MessageChannel::SendAndWait] Error: Channel error: cannot send/recv

1534146394805	geckodriver	INFO	geckodriver 0.21.0
1534146394811	geckodriver	INFO	Listening on 127.0.0.1:54559
1534146397842	mozrunner::runner	INFO	Running command: "C:\\Program Files\\Mozilla Firefox\\firefox.exe" "-marionette" "-foreground" "-no-remote" "-profile" "C:\\Users\\Sheldon\\AppData\\Local\\Temp\\rust_mozprofile.nSKmh94F6ydp"
Unable to read VR Path Registry from C:\Users\Sheldon\AppData\Local\openvr\openvrpaths.vrpath
Unable to read VR Path Registry from C:\Users\Sheldon\AppData\Local\openvr\openvrpaths.vrpath
Unable to read VR Path Registry from C:\Users\Sheldon\AppData\Local\openvr\openvrpaths.vrpath
Unable to read VR Path Registry from C:\Users\Sheldon\AppData\Local\openvr\openvrpaths.vrpath
Unable to read VR Path Registry from C:\Users\Sheldon\AppData\Local\openvr\openvrpaths.vrpath
1534146398914	Marionette	INFO	Listening on port 54567
1534146398967	Marionette	WARN	TLS certificate errors will be ignored for this session
[Parent 4480, Gecko_IOThread] WARNING: pipe error: 109: file z:/build/build/src/ipc/chromium/src/chrome/common/ipc_channel_win.cc, line 346
[[Child 2128, Chrome_ChildThread] WARNING: pipe error: 109: file z:/build/build/src/ipc/chromium/src/chrome/common/ipc_channel_win.cc, line 346
[Child 2128, Chrome_ChildThread] WARNING: pipe error: 109: file z:/build/build/src/ipc/chromium/src/chrome/common/ipc_channel_win.cc, line 346
[Parent 4480, Gecko_IOThread] WARNING: pipe error: 109: file z:/build/build/src/ipc/chromium/src/chrome/common/ipc_channel_win.cc, line 346
[Child 11072, Chrome_ChildThread] WARNING: pipe error: 109: file z:/build/build/src/ipc/chromium/src/chrome/common/ipc_channel_win.cc, line 346
[Child 11072, Chrome_ChildThread] WARNING: pipe error: 109: file z:/build/build/src/ipc/chromium/src/chrome/common/ipc_channel_win.cc*** UTM:SVC TimerManager:registerTimer called after profile-before-change notification. Ignoring timer registration for id: telemetry_modules_ping
[GPU 12048, Chrome_ChildThread
###!!! [Child][MessageChannel::SendAndWait] Error: Channel error: cannot send/recv

1534146459244	geckodriver	INFO	geckodriver 0.21.0
1534146459250	geckodriver	INFO	Listening on 127.0.0.1:54599
1534146462289	mozrunner::runner	INFO	Running command: "C:\\Program Files\\Mozilla Firefox\\firefox.exe" "-marionette" "-foreground" "-no-remote" "-profile" "C:\\Users\\Sheldon\\AppData\\Local\\Temp\\rust_mozprofile.HCDfAQjmvMi0"
Unable to read VR Path Registry from C:\Users\Sheldon\AppData\Local\openvr\openvrpaths.vrpath
Unable to read VR Path Registry from C:\Users\Sheldon\AppData\Local\openvr\openvrpaths.vrpath
Unable to read VR Path Registry from C:\Users\Sheldon\AppData\Local\openvr\openvrpaths.vrpath
Unable to read VR Path Registry from C:\Users\Sheldon\AppData\Local\openvr\openvrpaths.vrpath
Unable to read VR Path Registry from C:\Users\Sheldon\AppData\Local\openvr\openvrpaths.vrpath
1534146463350	Marionette	INFO	Listening on port 54607
1534146463410	Marionette	WARN	TLS certificate errors will be ignored for this session
[Parent 6600, Gecko_IOThread] WARNING: pipe error: 109: file z:/build/build/src/ipc/chromium/src/chrome/common/ipc_channel_win.cc, line 346
[Child 7900, Chrome_ChildThread] WARNING: pipe error: 109: file z:/build/build/src/ipc/chromium/src/chrome/common/ipc_channel_win.cc, line 346
[Child 7900, Chrome_ChildTh[Child 1412, Chrome_ChildThread] WARNING: pipe error: 109: file z:/build/build/src/ipc/chromium/src/chrome/common/ipc_channel_win.cc, line 346
[Child 1412, Chrome_ChildThread] WARNING: pipe error: 109: file z:/build/build/src/ipc/chromium/src/chrome/common/ipc_channel_win.cc, line 346
[Parent 6600, Gecko_IOThread] WARNING: pipe error: 109: file z:/build/build/src/ipc/chromium/src/chrome/common/ipc_channel_win.cc, line 346
[Child 12204, Chrome_ChildThread] WARNING: pipe error: 109: file z:/build/build/src/ipc/chromium/src/chrome/common/ipc_channel_win.cc, line 346
[Child 12204, Chrome_ChildThread] *** UTM:SVC TimerManager:registerTimer called after profile-before-change notification. Ignoring timer registration for id: telemetry_modules_ping
[GPU 12112, Chrome_Chil
###!!! [Child][MessageChannel::SendAndWait] Error: Channel error: cannot send/recv

1534146518973	geckodriver	INFO	geckodriver 0.21.0
1534146518979	geckodriver	INFO	Listening on 127.0.0.1:54643
1534146522011	mozrunner::runner	INFO	Running command: "C:\\Program Files\\Mozilla Firefox\\firefox.exe" "-marionette" "-foreground" "-no-remote" "-profile" "C:\\Users\\Sheldon\\AppData\\Local\\Temp\\rust_mozprofile.xvKOrtqHwkL9"
Unable to read VR Path Registry from C:\Users\Sheldon\AppData\Local\openvr\openvrpaths.vrpath
Unable to read VR Path Registry from C:\Users\Sheldon\AppData\Local\openvr\openvrpaths.vrpath
Unable to read VR Path Registry from C:\Users\Sheldon\AppData\Local\openvr\openvrpaths.vrpath
Unable to read VR Path Registry from C:\Users\Sheldon\AppData\Local\openvr\openvrpaths.vrpath
Unable to read VR Path Registry from C:\Users\Sheldon\AppData\Local\openvr\openvrpaths.vrpath
1534146523085	Marionette	INFO	Listening on port 54651
1534146523120	Marionette	WARN	TLS certificate errors will be ignored for this session
[Parent 9320, Gecko_IOThread] WARNING: pipe error: 109: file z:/build/build/src/ipc/chromium/src/chrome/common/ipc_channel_win.cc, line 346
[Parent 9320, Gecko_IOThread] WARNING: pipe error: 109: file z:/build/build/src/ipc/chromium/src/chrome/common/ipc_channel_win.cc, line 346
[Child 7216, Chrome_ChildThread] WARNING: pipe error: 109: file z:/build/build/src/ipc/chromium/src/chrome/common/ipc_channel_win.cc, line 346
[Parent 9320, Gecko_IOThread] WARNING: pipe error: 109: file z:/build/build/src/ipc/chromium/src/chrome/common/ipc_channel_win.cc, line 346
[Child 5584, Chrome_ChildThread] WARNING: pipe error: 109: file z:/build/build/src/ipc/chromium/src/chrome/common/ipc_channel_win.cc, line 346
[Child 5584, Chrome_ChildThread*** UTM:SVC TimerManager:registerTimer called after profile-before-change notification. Ignoring timer registration for id: telemetry_modules_ping
[GPU 12548, Chrome_ChildThr
###!!! [Child][MessageChannel::SendAndWait] Error: Channel error: cannot send/recv

1534146591468	geckodriver	INFO	geckodriver 0.21.0
1534146591474	geckodriver	INFO	Listening on 127.0.0.1:54687
1534146594507	mozrunner::runner	INFO	Running command: "C:\\Program Files\\Mozilla Firefox\\firefox.exe" "-marionette" "-foreground" "-no-remote" "-profile" "C:\\Users\\Sheldon\\AppData\\Local\\Temp\\rust_mozprofile.YPLVW2VFNluU"
Unable to read VR Path Registry from C:\Users\Sheldon\AppData\Local\openvr\openvrpaths.vrpath
Unable to read VR Path Registry from C:\Users\Sheldon\AppData\Local\openvr\openvrpaths.vrpath
Unable to read VR Path Registry from C:\Users\Sheldon\AppData\Local\openvr\openvrpaths.vrpath
Unable to read VR Path Registry from C:\Users\Sheldon\AppData\Local\openvr\openvrpaths.vrpath
Unable to read VR Path Registry from C:\Users\Sheldon\AppData\Local\openvr\openvrpaths.vrpath
1534146595579	Marionette	INFO	Listening on port 54695
1534146595631	Marionette	WARN	TLS certificate errors will be ignored for this session
[Parent 13184, Gecko_IOThread] WARNING: pipe error: 109: file z:/build/build/src/ipc/chromium/src/chrome/common/ipc_channel_win.cc, line 346
[Child 5332, Chrome_ChildThread] WARNING: pipe error: 109: file z:/build/build/src/ipc/chromium/src/chrome/common/ipc_channel_win.cc, line 346
[Child 8828, Chrome_ChildThread] WARNING: pipe error: 109: file z:/build/build/src/ipc/chromium/src/chrome/common/ipc_channel_win.cc, line 346
[Child 8828, Chrome_ChildThread] WARNING: pipe error: 109: file z:/build/build/src/ipc/chromium/src/chrome/common/ipc_channel_win.cc, line 346
[Parent 13184, Gecko_IOThread] WARNING: pipe error: 109: file z:/build/build/src/ipc/chromium/src/chrome/common/ipc_channel_win.cc, line 346
[Child 6848, Chrome_ChildThread] WARNING: pipe error: 109: file z:/build/build/src/ipc/chromium/src/chrome/common/ipc_channel_win.cc, line 346
*** UTM:SVC TimerManager:registerTimer called after profile-before-change notification. Ignoring timer registration for id: telemetry_modules_ping
[GPU 2124, Chrome_ChildThr
###!!! [Child][MessageChannel::SendAndWait] Error: Channel error: cannot send/recv

1534146834217	geckodriver	INFO	geckodriver 0.21.0
1534146834225	geckodriver	INFO	Listening on 127.0.0.1:54736
1534146837229	mozrunner::runner	INFO	Running command: "C:\\Program Files\\Mozilla Firefox\\firefox.exe" "-marionette" "-foreground" "-no-remote" "-profile" "C:\\Users\\Sheldon\\AppData\\Local\\Temp\\rust_mozprofile.Qup1Zc3uBesU"
Unable to read VR Path Registry from C:\Users\Sheldon\AppData\Local\openvr\openvrpaths.vrpath
Unable to read VR Path Registry from C:\Users\Sheldon\AppData\Local\openvr\openvrpaths.vrpath
Unable to read VR Path Registry from C:\Users\Sheldon\AppData\Local\openvr\openvrpaths.vrpath
Unable to read VR Path Registry from C:\Users\Sheldon\AppData\Local\openvr\openvrpaths.vrpath
Unable to read VR Path Registry from C:\Users\Sheldon\AppData\Local\openvr\openvrpaths.vrpath
1534146838487	Marionette	INFO	Listening on port 54744
1534146838836	Marionette	WARN	TLS certificate errors will be ignored for this session
[Child 5908, Chrome_ChildThread] WARNING: pipe error: 109: file z:/build/build/src/ipc/chromium/src/chrome/common/ipc_channel_win.cc, line 346
[Child 5908, Chrome_ChildThread]*** UTM:SVC TimerManager:registerTimer called after profile-before-change notification. Ignoring timer registration for id: telemetry_modules_ping
[GPU 7624, Chrome_ChildTh
###!!! [Child][MessageChannel::SendAndWait] Error: Channel error: cannot send/recv

1534146910670	geckodriver	INFO	geckodriver 0.21.0
1534146910678	geckodriver	INFO	Listening on 127.0.0.1:54776
1534146913680	mozrunner::runner	INFO	Running command: "C:\\Program Files\\Mozilla Firefox\\firefox.exe" "-marionette" "-foreground" "-no-remote" "-profile" "C:\\Users\\Sheldon\\AppData\\Local\\Temp\\rust_mozprofile.9SZzFdBYE81I"
Unable to read VR Path Registry from C:\Users\Sheldon\AppData\Local\openvr\openvrpaths.vrpath
Unable to read VR Path Registry from C:\Users\Sheldon\AppData\Local\openvr\openvrpaths.vrpath
Unable to read VR Path Registry from C:\Users\Sheldon\AppData\Local\openvr\openvrpaths.vrpath
Unable to read VR Path Registry from C:\Users\Sheldon\AppData\Local\openvr\openvrpaths.vrpath
Unable to read VR Path Registry from C:\Users\Sheldon\AppData\Local\openvr\openvrpaths.vrpath
1534146914874	Marionette	INFO	Listening on port 54784
1534146915287	Marionette	WARN	TLS certificate errors will be ignored for this session
[Child 9812, Chrome_ChildThread] WARNING: pipe error: 109: file z:/build/build/src/ipc/chromium/src/chrome/common/ipc_channel_win.cc, line 346
[Child 9812, Chrome_ChildT[Child 4436, Chrome_ChildThread] WARNING: pipe error: 109: file z:/build/build/src/ipc/chromium/src/chrome/common/ipc_channel_win.cc, line 346
[Child 4436, Chrome_ChildThread] WARNING: pipe error:[Parent 8828, Gecko_IOThread] WARNING: pipe error: 109: file z:/build/build/src/ipc/chromium/src/chrome/common/ipc_channel_win.cc, line 346
*** UTM:SVC TimerManager:registerTimer called after profile-before-change notification. Ignoring timer registration for id: telemetry_modules_ping
[GPU 3636, Chrome_ChildT
###!!! [Child][MessageChannel::SendAndWait] Error: Channel error: cannot send/recv

1534147172597	geckodriver	INFO	geckodriver 0.21.0
1534147172604	geckodriver	INFO	Listening on 127.0.0.1:54825
1534147175627	mozrunner::runner	INFO	Running command: "C:\\Program Files\\Mozilla Firefox\\firefox.exe" "-marionette" "-foreground" "-no-remote" "-profile" "C:\\Users\\Sheldon\\AppData\\Local\\Temp\\rust_mozprofile.tEIXUUFLHaOL"
Unable to read VR Path Registry from C:\Users\Sheldon\AppData\Local\openvr\openvrpaths.vrpath
Unable to read VR Path Registry from C:\Users\Sheldon\AppData\Local\openvr\openvrpaths.vrpath
Unable to read VR Path Registry from C:\Users\Sheldon\AppData\Local\openvr\openvrpaths.vrpath
Unable to read VR Path Registry from C:\Users\Sheldon\AppData\Local\openvr\openvrpaths.vrpath
Unable to read VR Path Registry from C:\Users\Sheldon\AppData\Local\openvr\openvrpaths.vrpath
1534147176781	Marionette	INFO	Listening on port 54833
1534147177235	Marionette	WARN	TLS certificate errors will be ignored for this session
[Child 8084, Chrome_ChildThread] WARNING: pipe error: 109: file z:/build/build/src/ipc/chromium/src/chrome/common/ipc_channel_win.cc, line 346
[Child 8084, Chrome_Child[Parent 12732, Gecko_IOThread] WARNING: pipe error: 109: file z:/build/build/src/ipc/chromium/src/chrome/common/ipc_channel_win.cc, line 346
[Child 3692, Chrome_ChildThread] WARNING: pipe error: 109: file z:/build/build/src/ipc/chromium/src/chrome/common/ipc_channel_win.cc, line 346
[Child 3692, Chrome_ChildThread] WARNING: pipe error: 109:*** UTM:SVC TimerManager:registerTimer called after profile-before-change notification. Ignoring timer registration for id: telemetry_modules_ping
[GPU 11416, Chrome_ChildT
###!!! [Child][MessageChannel::SendAndWait] Error: Channel error: cannot send/recv

1534147345589	geckodriver	INFO	geckodriver 0.21.0
1534147345595	geckodriver	INFO	Listening on 127.0.0.1:54889
1534147348608	mozrunner::runner	INFO	Running command: "C:\\Program Files\\Mozilla Firefox\\firefox.exe" "-marionette" "-foreground" "-no-remote" "-profile" "C:\\Users\\Sheldon\\AppData\\Local\\Temp\\rust_mozprofile.l3y1LY1aEb4i"
Unable to read VR Path Registry from C:\Users\Sheldon\AppData\Local\openvr\openvrpaths.vrpath
Unable to read VR Path Registry from C:\Users\Sheldon\AppData\Local\openvr\openvrpaths.vrpath
Unable to read VR Path Registry from C:\Users\Sheldon\AppData\Local\openvr\openvrpaths.vrpath
Unable to read VR Path Registry from C:\Users\Sheldon\AppData\Local\openvr\openvrpaths.vrpath
Unable to read VR Path Registry from C:\Users\Sheldon\AppData\Local\openvr\openvrpaths.vrpath
1534147350204	Marionette	INFO	Listening on port 54898
1534147350221	Marionette	WARN	TLS certificate errors will be ignored for this session
[Parent 10368, Gecko_IOThread] WARNING: pipe error: 109: file z:/build/build/src/ipc/chromium/src/chrome/common/ipc_channel_win.cc, line 346
[Child 5644, Chrome_ChildThread] WARNING: pipe error: 109: file z:/build/build/src/ipc/chromium/src/chrome/common/ipc_channel_win.cc, line 346
[Child 11820, Chrome_ChildThread] WARNING: pipe error: 109: file z:/build/build/src/ipc/chromium/src/chrome/common/ipc_channel_win.cc, line 346
[Child 11820, Chrome_ChildThread] WARNING[Parent 10368, Gecko_IOThread] WARNING: pipe error: 109: file z:/build/build/src/ipc/chromium/src/chrome/common/ipc_channel_win.cc, line 346
*** UTM:SVC TimerManager:registerTimer called after profile-before-change notification. Ignoring timer registration for id: telemetry_modules_ping
[GPU 8880, Chrome_ChildThread] WARNING
###!!! [Child][MessageChannel::SendAndWait] Error: Channel error: cannot send/recv

1534147363123	geckodriver	INFO	geckodriver 0.21.0
1534147363130	geckodriver	INFO	Listening on 127.0.0.1:54930
1534147366133	mozrunner::runner	INFO	Running command: "C:\\Program Files\\Mozilla Firefox\\firefox.exe" "-marionette" "-foreground" "-no-remote" "-profile" "C:\\Users\\Sheldon\\AppData\\Local\\Temp\\rust_mozprofile.rMuEDHJFUeNx"
Unable to read VR Path Registry from C:\Users\Sheldon\AppData\Local\openvr\openvrpaths.vrpath
Unable to read VR Path Registry from C:\Users\Sheldon\AppData\Local\openvr\openvrpaths.vrpath
Unable to read VR Path Registry from C:\Users\Sheldon\AppData\Local\openvr\openvrpaths.vrpath
Unable to read VR Path Registry from C:\Users\Sheldon\AppData\Local\openvr\openvrpaths.vrpath
Unable to read VR Path Registry from C:\Users\Sheldon\AppData\Local\openvr\openvrpaths.vrpath
1534147367343	Marionette	INFO	Listening on port 54938
1534147367741	Marionette	WARN	TLS certificate errors will be ignored for this session
[Child 5436, Chrome_ChildThread] WARNING: pipe error: 109: file z:/build/build/src/ipc/chromium/src/chrome/common/ipc_channel_win.cc, line 346
[Child 5436, Chrome_ChildThread] WARNING: pipe error: 109: file z:/build/build/src/ipc/chromium/src/chrome/common/ipc_channel_win.cc, line 346
[Child 7948, Chrome_ChildThread] WARNING: pipe error: 109: file z:/build/build/src/ipc/chromium/src/chrome/common/ipc_channel_win.cc, line 346
[Parent 8, Gecko_IOThread] WARNING: pipe error: 109: file z:/build/build/src/ipc/chromium/src/chrome/common/ipc_channel_win.cc, line 346
[Child 10556, Chrome_ChildThread] WARNING: pipe error: 109: file z:/build/build/src/ipc/chromium/src/chrome/common/ipc_channel_win.cc, line 346
[Child 10556, Chrome_ChildThread] WARNING: pipe error: 109: file z:/bu*** UTM:SVC TimerManager:registerTimer called after profile-before-change notification. Ignoring timer registration for id: telemetry_modules_ping
[GPU 3940, Chrome_ChildT
###!!! [Child][MessageChannel::SendAndWait] Error: Channel error: cannot send/recv

1534150729341	geckodriver	INFO	geckodriver 0.21.0
1534150729347	geckodriver	INFO	Listening on 127.0.0.1:55145
1534150732372	mozrunner::runner	INFO	Running command: "C:\\Program Files\\Mozilla Firefox\\firefox.exe" "-marionette" "-foreground" "-no-remote" "-profile" "C:\\Users\\Sheldon\\AppData\\Local\\Temp\\rust_mozprofile.6j8toWhGUJ1l"
Unable to read VR Path Registry from C:\Users\Sheldon\AppData\Local\openvr\openvrpaths.vrpath
Unable to read VR Path Registry from C:\Users\Sheldon\AppData\Local\openvr\openvrpaths.vrpath
Unable to read VR Path Registry from C:\Users\Sheldon\AppData\Local\openvr\openvrpaths.vrpath
Unable to read VR Path Registry from C:\Users\Sheldon\AppData\Local\openvr\openvrpaths.vrpath
Unable to read VR Path Registry from C:\Users\Sheldon\AppData\Local\openvr\openvrpaths.vrpath
1534150733608	Marionette	INFO	Listening on port 55153
1534150733985	Marionette	WARN	TLS certificate errors will be ignored for this session
[Child 11076, Chrome_ChildThread] WARNING: pipe error: 109: file z:/build/build/src/ipc/chromium/src/chrome/common/ipc_channel_win.cc, line 346
[Child 11076, Chrome_Chil[Parent 13176, Gecko_IOThread] WARNING: pipe error: 109: file z:/build/build/src/ipc/chromium/src/chrome/common/ipc_channel_win.cc, line 346
[Parent 13176, Gecko_IOThread] WARNING: pipe error: 109: file z:/build/build/src/ipc/chromium/src/chrome/common/ipc_channel_win.cc, line 346
*** UTM:SVC TimerManager:registerTimer called after profile-before-change notification. Ignoring timer registration for id: telemetry_modules_ping
[GPU 4200, Chrome_Chi
###!!! [Child][MessageChannel::SendAndWait] Error: Channel error: cannot send/recv

1534721482316	geckodriver	INFO	geckodriver 0.21.0
1534721482418	geckodriver	INFO	Listening on 127.0.0.1:50212
1534721485418	mozrunner::runner	INFO	Running command: "C:\\Program Files\\Mozilla Firefox\\firefox.exe" "-marionette" "--headless" "-foreground" "-no-remote" "-profile" "C:\\Users\\Sheldon\\AppData\\Local\\Temp\\rust_mozprofile.PQySILYZvQ7p"
*** You are running in headless mode.
Unable to read VR Path Registry from C:\Users\Sheldon\AppData\Local\openvr\openvrpaths.vrpath
Unable to read VR Path Registry from C:\Users\Sheldon\AppData\Local\openvr\openvrpaths.vrpath
Unable to read VR Path Registry from C:\Users\Sheldon\AppData\Local\openvr\openvrpaths.vrpath
Unable to read VR Path Registry from C:\Users\Sheldon\AppData\Local\openvr\openvrpaths.vrpath
1534721486885	Marionette	INFO	Listening on port 50221
1534721487027	Marionette	WARN	TLS certificate errors will be ignored for this session
[Parent 2888, Gecko_IOThread] WARNING: pipe error: 109: file z:/build/build/src/ipc/chromium/src/chrome/common/ipc_channel_win.cc, line 346
[Child 10852, Chrome_ChildThread] WARNING: pipe error: 109: file z:/build/build/src/ipc/chromium/src/chrome/common/ipc_channel_win.cc, line 346
[Child 10852, Chrome_ChildTh[Parent 2888, Gecko_IOThread] WARNING: pipe error: 109: file z:/build/build/src/ipc/chromium/src/chrome/common/ipc_channel_win.cc, line 346
[Child 1144, Chrome_ChildThread] WARNING: pipe error: 109: file z:/build/build/src/ipc/chromium/src/chrome/common/ipc_channel_win.cc, line 346
[Child 1144, Chrome_ChildThr*** UTM:SVC TimerManager:registerTimer called after profile-before-change notification. Ignoring timer registration for id: telemetry_modules_ping
1534721526906	geckodriver	INFO	geckodriver 0.21.0
1534721526912	geckodriver	INFO	Listening on 127.0.0.1:50257
1534721529948	mozrunner::runner	INFO	Running command: "C:\\Program Files\\Mozilla Firefox\\firefox.exe" "-marionette" "-headless" "-foreground" "-no-remote" "-profile" "C:\\Users\\Sheldon\\AppData\\Local\\Temp\\rust_mozprofile.n3xLihZQtf6a"
*** You are running in headless mode.
Unable to read VR Path Registry from C:\Users\Sheldon\AppData\Local\openvr\openvrpaths.vrpath
Unable to read VR Path Registry from C:\Users\Sheldon\AppData\Local\openvr\openvrpaths.vrpath
Unable to read VR Path Registry from C:\Users\Sheldon\AppData\Local\openvr\openvrpaths.vrpath
Unable to read VR Path Registry from C:\Users\Sheldon\AppData\Local\openvr\openvrpaths.vrpath
1534721530957	Marionette	INFO	Listening on port 50265
1534721531056	Marionette	WARN	TLS certificate errors will be ignored for this session
[Parent 3304, Gecko_IOThread] WARNING: pipe error: 109: file z:/build/build/src/ipc/chromium/src/chrome/common/ipc_channel_win.cc, line 346
[Child 8852, Chrome_ChildThread] WARNING: pipe error: 109: file z:/build/build/src/ipc/chromium/src/chrome/common/ipc_channel_win.cc, line 346
[Child 8852, Chrome_ChildThread] WARNING: pipe error: [Parent 3304, Gecko_IOThread] WARNING: pipe error: 109: file z:/build/build/src/ipc/chromium/src/chrome/common/ipc_channel_win.cc, line 346
[Child 1344, Chrome_ChildThread] WARNING: pipe error: 109: file z:/build/build/src/ipc/chromium/src/chrome/common/ipc_channel_win.cc, line 346
[Child 1344, Chrome_ChildThread] WARNING: pipe *** UTM:SVC TimerManager:registerTimer called after profile-before-change notification. Ignoring timer registration for id: telemetry_modules_ping
1534724079380	geckodriver	INFO	geckodriver 0.21.0
1534724079386	geckodriver	INFO	Listening on 127.0.0.1:50921
1534724082419	mozrunner::runner	INFO	Running command: "C:\\Program Files\\Mozilla Firefox\\firefox.exe" "-marionette" "-headless" "-foreground" "-no-remote" "-profile" "C:\\Users\\Sheldon\\AppData\\Local\\Temp\\rust_mozprofile.oU0ISZVBEC2K"
*** You are running in headless mode.
Unable to read VR Path Registry from C:\Users\Sheldon\AppData\Local\openvr\openvrpaths.vrpath
Unable to read VR Path Registry from C:\Users\Sheldon\AppData\Local\openvr\openvrpaths.vrpath
Unable to read VR Path Registry from C:\Users\Sheldon\AppData\Local\openvr\openvrpaths.vrpath
Unable to read VR Path Registry from C:\Users\Sheldon\AppData\Local\openvr\openvrpaths.vrpath
1534724083980	Marionette	INFO	Listening on port 50929
1534724084038	Marionette	WARN	TLS certificate errors will be ignored for this session
[Child 9808, Chrome_ChildThread] WARNING: pipe error: 109: file z:/build/build/src/ipc/chromium/src/chrome/common/ipc_channel_win.cc, line 346
[Child 9808, Chrome_Child[Child 5444, Chrome_ChildThread] WARNING: pipe error: 109: file z:/build/build/src/ipc/chromium/src/chrome/common/ipc_channel_win.cc, line 346
[Child 5444, Chrome_ChildThre[Parent 1836, Gecko_IOThread] WARNING: pipe error: 109: file z:/build/build/src/ipc/chromium/src/chrome/common/ipc_channel_win.cc, line 346
*** UTM:SVC TimerManager:registerTimer called after profile-before-change notification. Ignoring timer registration for id: telemetry_modules_ping
1534724305451	geckodriver	INFO	geckodriver 0.21.0
1534724305457	geckodriver	INFO	Listening on 127.0.0.1:50974
1534724308478	mozrunner::runner	INFO	Running command: "C:\\Program Files\\Mozilla Firefox\\firefox.exe" "-marionette" "-headless" "-foreground" "-no-remote" "-profile" "C:\\Users\\Sheldon\\AppData\\Local\\Temp\\rust_mozprofile.OD0otq88Fo0h"
*** You are running in headless mode.
Unable to read VR Path Registry from C:\Users\Sheldon\AppData\Local\openvr\openvrpaths.vrpath
Unable to read VR Path Registry from C:\Users\Sheldon\AppData\Local\openvr\openvrpaths.vrpath
Unable to read VR Path Registry from C:\Users\Sheldon\AppData\Local\openvr\openvrpaths.vrpath
Unable to read VR Path Registry from C:\Users\Sheldon\AppData\Local\openvr\openvrpaths.vrpath
1534724309502	Marionette	INFO	Listening on port 50982
1534724309592	Marionette	WARN	TLS certificate errors will be ignored for this session
[Child 7836, Chrome_ChildThread] WARNING: pipe error: 109: file z:/build/build/src/ipc/chromium/src/chrome/common/ipc_channel_win.cc, line 346
[Child 7836, Chrome_ChildT*** UTM:SVC TimerManager:registerTimer called after profile-before-change notification. Ignoring timer registration for id: telemetry_modules_ping
1534724370211	geckodriver	INFO	geckodriver 0.21.0
1534724370218	geckodriver	INFO	Listening on 127.0.0.1:51018
1534724373229	mozrunner::runner	INFO	Running command: "C:\\Program Files\\Mozilla Firefox\\firefox.exe" "-marionette" "-headless" "-foreground" "-no-remote" "-profile" "C:\\Users\\Sheldon\\AppData\\Local\\Temp\\rust_mozprofile.q33Oyqfdg8tc"
*** You are running in headless mode.
Unable to read VR Path Registry from C:\Users\Sheldon\AppData\Local\openvr\openvrpaths.vrpath
Unable to read VR Path Registry from C:\Users\Sheldon\AppData\Local\openvr\openvrpaths.vrpath
Unable to read VR Path Registry from C:\Users\Sheldon\AppData\Local\openvr\openvrpaths.vrpath
Unable to read VR Path Registry from C:\Users\Sheldon\AppData\Local\openvr\openvrpaths.vrpath
1534724374248	Marionette	INFO	Listening on port 51026
1534724374338	Marionette	WARN	TLS certificate errors will be ignored for this session
[Child 9360, Chrome_ChildThread] WARNING: pipe error: 109: file z:/build/build/src/ipc/chromium/src/chrome/common/ipc_channel_win.cc, line 346
[Child 9360, Chrome_Ch[Parent 11988, Gecko_IOThread] WARNING: pipe error: 109: file z:/build/build/src/ipc/chromium/src/chrome/common/ipc_channel_win.cc, line 346
[Parent 11988, Gecko_IOThread] WARNING: pipe error: 109: file z:/build/build/src/ipc/chromium/src/chrome/common/ipc_channel_win.cc, line 346
[Child 5316, Chrome_ChildThread] WARNING: pipe error: 109: file z:/build/build/src/ipc/chromium/src/chrome/common/ipc_channel_win.cc, line 346
[Child 5316, Chrome_ChildT*** UTM:SVC TimerManager:registerTimer called after profile-before-change notification. Ignoring timer registration for id: telemetry_modules_ping
1534724619960	geckodriver	INFO	geckodriver 0.21.0
1534724619966	geckodriver	INFO	Listening on 127.0.0.1:51094
1534724622997	mozrunner::runner	INFO	Running command: "C:\\Program Files\\Mozilla Firefox\\firefox.exe" "-marionette" "-headless" "-foreground" "-no-remote" "-profile" "C:\\Users\\Sheldon\\AppData\\Local\\Temp\\rust_mozprofile.cOZs1hRicAIY"
*** You are running in headless mode.
Unable to read VR Path Registry from C:\Users\Sheldon\AppData\Local\openvr\openvrpaths.vrpath
Unable to read VR Path Registry from C:\Users\Sheldon\AppData\Local\openvr\openvrpaths.vrpath
Unable to read VR Path Registry from C:\Users\Sheldon\AppData\Local\openvr\openvrpaths.vrpath
Unable to read VR Path Registry from C:\Users\Sheldon\AppData\Local\openvr\openvrpaths.vrpath
1534724624053	Marionette	INFO	Listening on port 51103
1534724624109	Marionette	WARN	TLS certificate errors will be ignored for this session
[Child 9908, Chrome_ChildThread] WARNING: pipe error: 109: file z:/build/build/src/ipc/chromium/src/chrome/common/ipc_channel_win.cc, line 346
[Child 9908, Chrome_ChildThread] WARNI[Child 11184, Chrome_ChildThread] WARNING: pipe error: 109: file z:/build/build/src/ipc/chromium/src/chrome/common/ipc_channel_win.cc, line 346
[Child 11184, Chrome_Child*** UTM:SVC TimerManager:registerTimer called after profile-before-change notification. Ignoring timer registration for id: telemetry_modules_ping
1534725390753	geckodriver	INFO	geckodriver 0.21.0
1534725390759	geckodriver	INFO	Listening on 127.0.0.1:51302
1534725393790	mozrunner::runner	INFO	Running command: "C:\\Program Files\\Mozilla Firefox\\firefox.exe" "-marionette" "-headless" "-foreground" "-no-remote" "-profile" "C:\\Users\\Sheldon\\AppData\\Local\\Temp\\rust_mozprofile.Iy2s6YaleEeH"
*** You are running in headless mode.
Unable to read VR Path Registry from C:\Users\Sheldon\AppData\Local\openvr\openvrpaths.vrpath
Unable to read VR Path Registry from C:\Users\Sheldon\AppData\Local\openvr\openvrpaths.vrpath
Unable to read VR Path Registry from C:\Users\Sheldon\AppData\Local\openvr\openvrpaths.vrpath
Unable to read VR Path Registry from C:\Users\Sheldon\AppData\Local\openvr\openvrpaths.vrpath
1534725394869	Marionette	INFO	Listening on port 51310
1534725394901	Marionette	WARN	TLS certificate errors will be ignored for this session
[Child 6000, Chrome_ChildThread] WARNING: pipe error: 109: file z:/build/build/src/ipc/chromium/src/chrome/common/ipc_channel_win.cc, line 346
[Child 6000, Chrome_ChildThread] WARNING: pipe error: 109: file z:/build/build/src/ipc/chromium/src/chrome/common/ip[Child 1636, Chrome_ChildThread] WARNING: pipe error: 109: file z:/build/build/src/ipc/chromium/src/chrome/common/ipc_channel_win.cc, line 346
[Child 6220, Chrome_ChildThread] WARNING: pipe error: 109: file z:/build/build/src/ipc/chromium/src/chrome/common/ipc_channel_win.cc, line 346
[Child 6220, Chrome_ChildThread] WARNING: pi*** UTM:SVC TimerManager:registerTimer called after profile-before-change notification. Ignoring timer registration for id: telemetry_modules_ping
1534726103148	geckodriver	INFO	geckodriver 0.21.0
1534726103154	geckodriver	INFO	Listening on 127.0.0.1:51362
1534726106189	mozrunner::runner	INFO	Running command: "C:\\Program Files\\Mozilla Firefox\\firefox.exe" "-marionette" "-headless" "-foreground" "-no-remote" "-profile" "C:\\Users\\Sheldon\\AppData\\Local\\Temp\\rust_mozprofile.8Sy6XAaxGXQH"
*** You are running in headless mode.
Unable to read VR Path Registry from C:\Users\Sheldon\AppData\Local\openvr\openvrpaths.vrpath
Unable to read VR Path Registry from C:\Users\Sheldon\AppData\Local\openvr\openvrpaths.vrpath
Unable to read VR Path Registry from C:\Users\Sheldon\AppData\Local\openvr\openvrpaths.vrpath
Unable to read VR Path Registry from C:\Users\Sheldon\AppData\Local\openvr\openvrpaths.vrpath
1534726107208	Marionette	INFO	Listening on port 51370
1534726107299	Marionette	WARN	TLS certificate errors will be ignored for this session
[Parent 1440, Gecko_IOThread] WARNING: pipe error: 109: file z:/build/build/src/ipc/chromium/src/chrome/common/ipc_channel_win.cc, line 346
[Parent 1440, Gecko_IOThread] WARNING: pipe error: 109: file z:/build/build/src/ipc/chromium/src/chrome/common/ipc_channel_win.cc, line 346
[Child 10708, Chrome_ChildThread] WARNING: pipe error: 109: file z:/build/build/src/ipc/chromium/src/chrome/common/ipc_channel_win.cc, line 346
[Child 10708, Chrome_ChildThread] W[Child 4108, Chrome_ChildThread] WARNING: pipe error: 109: file z:/build/build/src/ipc/chromium/src/chrome/common/ipc_channel_win.cc, line 346
[Child 4108, Chrome_ChildTh*** UTM:SVC TimerManager:registerTimer called after profile-before-change notification. Ignoring timer registration for id: telemetry_modules_ping
1534726264426	geckodriver	INFO	geckodriver 0.21.0
1534726264433	geckodriver	INFO	Listening on 127.0.0.1:51440
1534726267456	mozrunner::runner	INFO	Running command: "C:\\Program Files\\Mozilla Firefox\\firefox.exe" "-marionette" "-headless" "-foreground" "-no-remote" "-profile" "C:\\Users\\Sheldon\\AppData\\Local\\Temp\\rust_mozprofile.nJY9dcEXp5ml"
*** You are running in headless mode.
Unable to read VR Path Registry from C:\Users\Sheldon\AppData\Local\openvr\openvrpaths.vrpath
Unable to read VR Path Registry from C:\Users\Sheldon\AppData\Local\openvr\openvrpaths.vrpath
Unable to read VR Path Registry from C:\Users\Sheldon\AppData\Local\openvr\openvrpaths.vrpath
Unable to read VR Path Registry from C:\Users\Sheldon\AppData\Local\openvr\openvrpaths.vrpath
1534726268577	Marionette	INFO	Listening on port 51449
1534726269064	Marionette	WARN	TLS certificate errors will be ignored for this session
[Child 2696, Chrome_ChildThread] WARNING: pipe error: 109: file z:/build/build/src/ipc/chromium/src/chrome/common/ipc_channel_win.cc, line 346
[Child 2696, Chrome_ChildThread*** UTM:SVC TimerManager:registerTimer called after profile-before-change notification. Ignoring timer registration for id: telemetry_modules_ping
1534726333644	geckodriver	INFO	geckodriver 0.21.0
1534726333650	geckodriver	INFO	Listening on 127.0.0.1:51486
1534726336683	mozrunner::runner	INFO	Running command: "C:\\Program Files\\Mozilla Firefox\\firefox.exe" "-marionette" "-headless" "-foreground" "-no-remote" "-profile" "C:\\Users\\Sheldon\\AppData\\Local\\Temp\\rust_mozprofile.XHxPaCkUdV6Z"
*** You are running in headless mode.
Unable to read VR Path Registry from C:\Users\Sheldon\AppData\Local\openvr\openvrpaths.vrpath
Unable to read VR Path Registry from C:\Users\Sheldon\AppData\Local\openvr\openvrpaths.vrpath
Unable to read VR Path Registry from C:\Users\Sheldon\AppData\Local\openvr\openvrpaths.vrpath
Unable to read VR Path Registry from C:\Users\Sheldon\AppData\Local\openvr\openvrpaths.vrpath
1534726337723	Marionette	INFO	Listening on port 51494
1534726337791	Marionette	WARN	TLS certificate errors will be ignored for this session
[Child 8832, Chrome_ChildThread] WARNING: pipe error: 109: file z:/build/build/src/ipc/chromium/src/chrome/common/ipc_channel_win.cc, line 346
[Child 8832, Chrome_ChildThread[Parent 1440, Gecko_IOThread] WARNING: pipe error: 109: file z:/build/build/src/ipc/chromium/src/chrome/common/ipc_channel_win.cc, line 346
[Parent 1440, Gecko_IOThread] WARNING: pipe error: 109: file z:/build/build/src/ipc/chromium/src/chrome/common/ipc_channel_win.cc, line 346
[Child 8836, Chrome_ChildThread] WARNING: pipe error: 109: file z:/build/build/src/ipc/chromium/src/chrome/common/ipc_channel_win.cc, line 346
[Child 8836, Chrome_ChildThread] WARNING: pipe error: 109: file z:/build/build/src/ipc/chromium/src*** UTM:SVC TimerManager:registerTimer called after profile-before-change notification. Ignoring timer registration for id: telemetry_modules_ping
1534726623029	geckodriver	INFO	geckodriver 0.21.0
1534726623036	geckodriver	INFO	Listening on 127.0.0.1:51555
1534726626058	mozrunner::runner	INFO	Running command: "C:\\Program Files\\Mozilla Firefox\\firefox.exe" "-marionette" "-headless" "-foreground" "-no-remote" "-profile" "C:\\Users\\Sheldon\\AppData\\Local\\Temp\\rust_mozprofile.zyRywlf3Hd01"
*** You are running in headless mode.
Unable to read VR Path Registry from C:\Users\Sheldon\AppData\Local\openvr\openvrpaths.vrpath
Unable to read VR Path Registry from C:\Users\Sheldon\AppData\Local\openvr\openvrpaths.vrpath
Unable to read VR Path Registry from C:\Users\Sheldon\AppData\Local\openvr\openvrpaths.vrpath
Unable to read VR Path Registry from C:\Users\Sheldon\AppData\Local\openvr\openvrpaths.vrpath
1534726627111	Marionette	INFO	Listening on port 51563
1534726627169	Marionette	WARN	TLS certificate errors will be ignored for this session
[Child 10336, Chrome_ChildThread] WARNING: pipe error: 109: file z:/build/build/src/ipc/chromium/src/chrome/common/ipc_channel_win.cc, line 346
[Child 10336, Chrome_ChildThread] WARNING: pipe error: 109: file z:/build/build/src/ipc/chromium/src/chrome/common/ipc_channel_win.cc, line 346
[Parent 3132, Gecko_IOThread] WARNING: pipe error: 109: file z:/build/build/src/ipc/chromium/src/chrome/common/ipc_channel_win.cc, line 346
[Child 4908, Chrome_ChildThread] WARNING: pipe error: 109: file z:/build/build/src/ipc/chromium/src/chrome/common/ipc_channel_win.cc, line 346
[Child 4908, Chrome_ChildThread] WARNI[Parent 3132, Gecko_IOThread] WARNING: pipe error: 109: file z:/build/build/src/ipc/chromium/src/chrome/common/ipc_channel_win.cc, line 346
[Child 4580, Chrome_ChildThread] WARNING: pipe error: 109: file z:/build/build/src/ipc/chromium/src/chrome/common/ipc_channel_win.cc, line 346
[Child 4580, Chrome_ChildThre*** UTM:SVC TimerManager:registerTimer called after profile-before-change notification. Ignoring timer registration for id: telemetry_modules_ping
1534726755051	geckodriver	INFO	geckodriver 0.21.0
1534726755057	geckodriver	INFO	Listening on 127.0.0.1:51604
1534726758091	mozrunner::runner	INFO	Running command: "C:\\Program Files\\Mozilla Firefox\\firefox.exe" "-marionette" "-headless" "-foreground" "-no-remote" "-profile" "C:\\Users\\Sheldon\\AppData\\Local\\Temp\\rust_mozprofile.Weu2n9FPElG8"
*** You are running in headless mode.
Unable to read VR Path Registry from C:\Users\Sheldon\AppData\Local\openvr\openvrpaths.vrpath
Unable to read VR Path Registry from C:\Users\Sheldon\AppData\Local\openvr\openvrpaths.vrpath
Unable to read VR Path Registry from C:\Users\Sheldon\AppData\Local\openvr\openvrpaths.vrpath
Unable to read VR Path Registry from C:\Users\Sheldon\AppData\Local\openvr\openvrpaths.vrpath
1534726759119	Marionette	INFO	Listening on port 51612
1534726759211	Marionette	WARN	TLS certificate errors will be ignored for this session
[Child 5816, Chrome_ChildThread] WARNING: pipe error: 109: file z:/build/build/src/ipc/chromium/src/chrome/common/ipc_channel_win.cc, line 346
[Child 5816, Chrome_ChildThread] WARNING: pipe error: 109: file z:/build/build/src/ipc/[Parent 1612, Gecko_IOThread] WARNING: pipe error: 109: file z:/build/build/src/ipc/chromium/src/chrome/common/ipc_channel_win.cc, line 346
[Child 6420, Chrome_ChildThread] WARNING: pipe error: 109: file z:/build/build/src/ipc/chromium/src/chrome/common/ipc_channel_win.cc, line 346
[Child 6420, Chrome_ChildThread] WARNING: pipe error: 109: file z:/build/build/src/ipc/ch[Parent 1612, Gecko_IOThread] WARNING: pipe error: 109: file z:/build/build/src/ipc/chromium/src/chrome/common/ipc_channel_win.cc, line 346
[Child 7004, Chrome_ChildThread] WARNING: pipe error: 109: file z:/build/build/src/ipc/chromium/src/chrome/common/ipc_channel_win.cc, line 346
[Child 7004, Chrome_ChildThread] WARNING*** UTM:SVC TimerManager:registerTimer called after profile-before-change notification. Ignoring timer registration for id: telemetry_modules_ping
1535344258999	geckodriver	INFO	geckodriver 0.21.0
1535344259059	geckodriver	INFO	Listening on 127.0.0.1:63660
1535344262093	mozrunner::runner	INFO	Running command: "C:\\Program Files\\Mozilla Firefox\\firefox.exe" "-marionette" "-headless" "-foreground" "-no-remote" "-profile" "C:\\Users\\Sheldon\\AppData\\Local\\Temp\\rust_mozprofile.4PoJLF3xSSte"
*** You are running in headless mode.
Unable to read VR Path Registry from C:\Users\Sheldon\AppData\Local\openvr\openvrpaths.vrpath
Unable to read VR Path Registry from C:\Users\Sheldon\AppData\Local\openvr\openvrpaths.vrpath
Unable to read VR Path Registry from C:\Users\Sheldon\AppData\Local\openvr\openvrpaths.vrpath
Unable to read VR Path Registry from C:\Users\Sheldon\AppData\Local\openvr\openvrpaths.vrpath
1535344263173	Marionette	INFO	Listening on port 63668
1535344263217	Marionette	WARN	TLS certificate errors will be ignored for this session
[Parent 4432, Gecko_IOThread] WARNING: pipe error: 109: file z:/build/build/src/ipc/chromium/src/chrome/common/ipc_channel_win.cc, line 346
[Child 1804, Chrome_ChildThread] WARNING: pipe error: 109: file z:/build/build/src/ipc/chromium/src/chrome/common/ipc_channel_win.cc, line 346
[Child 1804, Chrome_ChildThread] WARNING: pipe error: 109: file z:/build/build/src/ipc/chromium/src/chrome/common/ipc_channel_win.cc, line 346
[Parent 4432, Gecko_IOThread] WARNING: pipe error: 109: file z:/build/build/src/ipc/chromium/src/chrome/common/ipc_channel_win.cc, line 346
[Child 8648, Chrome_ChildThread] WARNING: pipe error: 109: file z:/build/build/src/ipc/chromium/src/chrome/common/ipc_channel_win.cc, line 346
[Child 8648, Chrome_ChildThread]*** UTM:SVC TimerManager:registerTimer called after profile-before-change notification. Ignoring timer registration for id: telemetry_modules_ping
1535346799097	geckodriver	INFO	geckodriver 0.21.0
1535346799103	geckodriver	INFO	Listening on 127.0.0.1:63956
1535346802139	mozrunner::runner	INFO	Running command: "C:\\Program Files\\Mozilla Firefox\\firefox.exe" "-marionette" "-headless" "-foreground" "-no-remote" "-profile" "C:\\Users\\Sheldon\\AppData\\Local\\Temp\\rust_mozprofile.cW8k3eiVsXkx"
*** You are running in headless mode.
Unable to read VR Path Registry from C:\Users\Sheldon\AppData\Local\openvr\openvrpaths.vrpath
Unable to read VR Path Registry from C:\Users\Sheldon\AppData\Local\openvr\openvrpaths.vrpath
Unable to read VR Path Registry from C:\Users\Sheldon\AppData\Local\openvr\openvrpaths.vrpath
Unable to read VR Path Registry from C:\Users\Sheldon\AppData\Local\openvr\openvrpaths.vrpath
1535346803211	Marionette	INFO	Listening on port 63964
1535346803254	Marionette	WARN	TLS certificate errors will be ignored for this session
[Parent 9320, Gecko_IOThread] WARNING: pipe error: 109: file z:/build/build/src/ipc/chromium/src/chrome/common/ipc_channel_win.cc, line 346
[Child 5004, Chrome_ChildThread] WARNING: pipe error: 109: file z:/build/build/src/ipc/chromium/src/chrome/common/ipc_channel_win.cc, line 346
[Child 5004, Chrome_ChildThread] WARNING: pipe error: 109: file z:/build/build/src/ipc/chromium/src/chrome/common/ipc_channel_win.cc, line 346
*** UTM:SVC TimerManager:registerTimer called after profile-before-change notification. Ignoring timer registration for id: telemetry_modules_ping
1535346867529	geckodriver	INFO	geckodriver 0.21.0
1535346867536	geckodriver	INFO	Listening on 127.0.0.1:64011
1535346870555	mozrunner::runner	INFO	Running command: "C:\\Program Files\\Mozilla Firefox\\firefox.exe" "-marionette" "-headless" "-foreground" "-no-remote" "-profile" "C:\\Users\\Sheldon\\AppData\\Local\\Temp\\rust_mozprofile.RUWjXsZwokXU"
*** You are running in headless mode.
Unable to read VR Path Registry from C:\Users\Sheldon\AppData\Local\openvr\openvrpaths.vrpath
Unable to read VR Path Registry from C:\Users\Sheldon\AppData\Local\openvr\openvrpaths.vrpath
Unable to read VR Path Registry from C:\Users\Sheldon\AppData\Local\openvr\openvrpaths.vrpath
Unable to read VR Path Registry from C:\Users\Sheldon\AppData\Local\openvr\openvrpaths.vrpath
1535346871610	Marionette	INFO	Listening on port 64019
1535346871670	Marionette	WARN	TLS certificate errors will be ignored for this session
[Parent 8620, Gecko_IOThread] WARNING: pipe error: 109: file z:/build/build/src/ipc/chromium/src/chrome/common/ipc_channel_win.cc, line 346
[Child 11724, Chrome_ChildThread] WARNING: pipe error: 109: file z:/build/build/src/ipc/chromium/src/chrome/common/ipc_channel_win.cc, line 346
[Child 11724, Chrome_ChildThread] WARNING: pipe error: 109: file z:[Child 3312, Chrome_ChildThread] WARNING: pipe error: 109: file z:/build/build/src/ipc/chromium/src/chrome/common/ipc_channel_win.cc, line 346
[Child 3312, Chrome_ChildThrea*** UTM:SVC TimerManager:registerTimer called after profile-before-change notification. Ignoring timer registration for id: telemetry_modules_ping
1535346983261	geckodriver	INFO	geckodriver 0.21.0
1535346983267	geckodriver	INFO	Listening on 127.0.0.1:64059
1535346986298	mozrunner::runner	INFO	Running command: "C:\\Program Files\\Mozilla Firefox\\firefox.exe" "-marionette" "-headless" "-foreground" "-no-remote" "-profile" "C:\\Users\\Sheldon\\AppData\\Local\\Temp\\rust_mozprofile.e2gzZizFMOig"
*** You are running in headless mode.
Unable to read VR Path Registry from C:\Users\Sheldon\AppData\Local\openvr\openvrpaths.vrpath
Unable to read VR Path Registry from C:\Users\Sheldon\AppData\Local\openvr\openvrpaths.vrpath
Unable to read VR Path Registry from C:\Users\Sheldon\AppData\Local\openvr\openvrpaths.vrpath
Unable to read VR Path Registry from C:\Users\Sheldon\AppData\Local\openvr\openvrpaths.vrpath
1535346987342	Marionette	INFO	Listening on port 64068
1535346987405	Marionette	WARN	TLS certificate errors will be ignored for this session
[Parent 1140, Gecko_IOThread] WARNING: pipe error: 109: file z:/build/build/src/ipc/chromium/src/chrome/common/ipc_channel_win.cc, line 346
[Parent 1140, Gecko_IOThread] WARNING: pipe error: 109: file z:/build/build/src/ipc/chromium/src/chrome/common/ipc_channel_win.cc, line 346
*** UTM:SVC TimerManager:registerTimer called after profile-before-change notification. Ignoring timer registration for id: telemetry_modules_ping
1535347046740	geckodriver	INFO	geckodriver 0.21.0
1535347046748	geckodriver	INFO	Listening on 127.0.0.1:64098
1535347049777	mozrunner::runner	INFO	Running command: "C:\\Program Files\\Mozilla Firefox\\firefox.exe" "-marionette" "-headless" "-foreground" "-no-remote" "-profile" "C:\\Users\\Sheldon\\AppData\\Local\\Temp\\rust_mozprofile.aMpPSVevmjUp"
*** You are running in headless mode.
Unable to read VR Path Registry from C:\Users\Sheldon\AppData\Local\openvr\openvrpaths.vrpath
Unable to read VR Path Registry from C:\Users\Sheldon\AppData\Local\openvr\openvrpaths.vrpath
Unable to read VR Path Registry from C:\Users\Sheldon\AppData\Local\openvr\openvrpaths.vrpath
Unable to read VR Path Registry from C:\Users\Sheldon\AppData\Local\openvr\openvrpaths.vrpath
1535347050825	Marionette	INFO	Listening on port 64106
1535347050892	Marionette	WARN	TLS certificate errors will be ignored for this session
[Parent 10392, Gecko_IOThread] WARNING: pipe error: 109: file z:/build/build/src/ipc/chromium/src/chrome/common/ipc_channel_win.cc, line 346
[Child 2360, Chrome_ChildThread] WARNING: pipe error: 109: file z:/build/build/src/ipc/chromium/src/chrome/common/ipc_channel_win.cc, line 346
[Child 2360, Chrome_ChildThread] WARNING: pipe error: 109: file z:/build/build/src/ipc/chromium/src*** UTM:SVC TimerManager:registerTimer called after profile-before-change notification. Ignoring timer registration for id: telemetry_modules_ping
1535347249413	geckodriver	INFO	geckodriver 0.21.0
1535347249420	geckodriver	INFO	Listening on 127.0.0.1:64147
1535347252448	mozrunner::runner	INFO	Running command: "C:\\Program Files\\Mozilla Firefox\\firefox.exe" "-marionette" "-headless" "-foreground" "-no-remote" "-profile" "C:\\Users\\Sheldon\\AppData\\Local\\Temp\\rust_mozprofile.WuBeunTiXyuc"
*** You are running in headless mode.
Unable to read VR Path Registry from C:\Users\Sheldon\AppData\Local\openvr\openvrpaths.vrpath
Unable to read VR Path Registry from C:\Users\Sheldon\AppData\Local\openvr\openvrpaths.vrpath
Unable to read VR Path Registry from C:\Users\Sheldon\AppData\Local\openvr\openvrpaths.vrpath
Unable to read VR Path Registry from C:\Users\Sheldon\AppData\Local\openvr\openvrpaths.vrpath
1535347253519	Marionette	INFO	Listening on port 64155
1535347253566	Marionette	WARN	TLS certificate errors will be ignored for this session

###!!! [Parent][MessageChannel] Error: (msgtype=0x16008C,name=PBrowser::Msg_UpdateNativeWindowHandle) Channel error: cannot send/recv


###!!! [Parent][MessageChannel] Error: (msgtype=0x16007F,name=PBrowser::Msg_Destroy) Channel error: cannot send/recv


###!!! [Parent][MessageChannel] Error: (msgtype=0x2D0107,name=PContent::Msg_AsyncMessage) Channel error: cannot send/recv


###!!! [Parent][MessageChannel] Error: (msgtype=0x16008C,name=PBrowser::Msg_UpdateNativeWindowHandle) Channel error: cannot send/recv


###!!! [Parent][MessageChannel] Error: (msgtype=0x16007F,name=PBrowser::Msg_Destroy) Channel error: cannot send/recv

A content process crashed and MOZ_CRASHREPORTER_SHUTDOWN is set, shutting down
[Parent 4896, Gecko_IOThread] WARNING: file z:/build/build/src/ipc/chromium/src/base/process_util_win.cc, line 188
[Child 8268, Chrome_ChildThread] WARNING: pipe error: 109: file z:/build/build/src/ipc/chromium/src/chrome/common/ipc_channel_win.cc, line 346
[Child 8268, Chrome_ChildThread] WARNING: pipe error: 1535347354224	geckodriver	INFO	geckodriver 0.21.0
1535347354232	geckodriver	INFO	Listening on 127.0.0.1:64199
1535347357263	mozrunner::runner	INFO	Running command: "C:\\Program Files\\Mozilla Firefox\\firefox.exe" "-marionette" "-headless" "-foreground" "-no-remote" "-profile" "C:\\Users\\Sheldon\\AppData\\Local\\Temp\\rust_mozprofile.BTBPltsplICO"
*** You are running in headless mode.
Unable to read VR Path Registry from C:\Users\Sheldon\AppData\Local\openvr\openvrpaths.vrpath
Unable to read VR Path Registry from C:\Users\Sheldon\AppData\Local\openvr\openvrpaths.vrpath
Unable to read VR Path Registry from C:\Users\Sheldon\AppData\Local\openvr\openvrpaths.vrpath
Unable to read VR Path Registry from C:\Users\Sheldon\AppData\Local\openvr\openvrpaths.vrpath
1535347358350	Marionette	INFO	Listening on port 64208
1535347358377	Marionette	WARN	TLS certificate errors will be ignored for this session
[Child 1036, Chrome_ChildThread] WARNING: pipe error: 109: file z:/build/build/src/ipc/chromium/src/chrome/common/ipc_channel_win.cc, line 346
[Child 1036, Chrome_ChildThread] WARNING: pipe error: 109: file z:/build/build/src/ipc/chromium/src/chrome/common/ipc_channel_win.cc, line 346
[Parent 8188, Gecko_IOThread] WARNING: pipe error: 109: file z:/build/build/src/ipc/chromium/src/chrome/common/ipc_channel_win.cc, line 346
[Parent 8188, Gecko_IOThread] WARNING: pipe error: 109: file z:/build/build/src/ipc/chromium/src/chrome/common/ipc_channel_win.cc, line 346
*** UTM:SVC TimerManager:registerTimer called after profile-before-change notification. Ignoring timer registration for id: telemetry_modules_ping
1535347414502	geckodriver	INFO	geckodriver 0.21.0
1535347414509	geckodriver	INFO	Listening on 127.0.0.1:64242
1535347417519	mozrunner::runner	INFO	Running command: "C:\\Program Files\\Mozilla Firefox\\firefox.exe" "-marionette" "-headless" "-foreground" "-no-remote" "-profile" "C:\\Users\\Sheldon\\AppData\\Local\\Temp\\rust_mozprofile.8AkovsFKeF7m"
*** You are running in headless mode.
Unable to read VR Path Registry from C:\Users\Sheldon\AppData\Local\openvr\openvrpaths.vrpath
Unable to read VR Path Registry from C:\Users\Sheldon\AppData\Local\openvr\openvrpaths.vrpath
Unable to read VR Path Registry from C:\Users\Sheldon\AppData\Local\openvr\openvrpaths.vrpath
Unable to read VR Path Registry from C:\Users\Sheldon\AppData\Local\openvr\openvrpaths.vrpath
1535347418608	Marionette	INFO	Listening on port 64250
1535347418630	Marionette	WARN	TLS certificate errors will be ignored for this session
[Parent 9896, Gecko_IOThread] WARNING: pipe error: 109: file z:/build/build/src/ipc/chromium/src/chrome/common/ipc_channel_win.cc, line 346
[Child 11360, Chrome_ChildThread] WARNING: pipe error: 109: file z:/build/build/src/ipc/chromium/src/chrome/common/ipc_channel_win.cc, line 346
[Child 11360, Chrome_ChildThread] WARNING: pi[Child 1768, Chrome_ChildThread] WARNING: pipe error: 109: file z:/build/build/src/ipc/chromium/src/chrome/common/ipc_channel_win.cc, line 346
[Child 1768, Chrome_Child[Parent 9896, Gecko_IOThread] WARNING: pipe error: 109: file z:/build/build/src/ipc/chromium/src/chrome/common/ipc_channel_win.cc, line 346
[Child 8920, Chrome_ChildThread] WARNING: pipe error: 109: file z:/build/build/src/ipc/chromium/src/chrome/common/ipc_channel_win.cc, line 346
[Child 8920, Chrome_ChildThread] WARNING: pipe error: *** UTM:SVC TimerManager:registerTimer called after profile-before-change notification. Ignoring timer registration for id: telemetry_modules_ping
1535347464118	geckodriver	INFO	geckodriver 0.21.0
1535347464124	geckodriver	INFO	Listening on 127.0.0.1:64283
1535347467153	mozrunner::runner	INFO	Running command: "C:\\Program Files\\Mozilla Firefox\\firefox.exe" "-marionette" "-headless" "-foreground" "-no-remote" "-profile" "C:\\Users\\Sheldon\\AppData\\Local\\Temp\\rust_mozprofile.SFNcrIgQjlXj"
*** You are running in headless mode.
Unable to read VR Path Registry from C:\Users\Sheldon\AppData\Local\openvr\openvrpaths.vrpath
Unable to read VR Path Registry from C:\Users\Sheldon\AppData\Local\openvr\openvrpaths.vrpath
Unable to read VR Path Registry from C:\Users\Sheldon\AppData\Local\openvr\openvrpaths.vrpath
Unable to read VR Path Registry from C:\Users\Sheldon\AppData\Local\openvr\openvrpaths.vrpath
1535347468248	Marionette	INFO	Listening on port 64291
1535347468266	Marionette	WARN	TLS certificate errors will be ignored for this session
[Child 3484, Chrome_ChildThread] WARNING: pipe error: 109: file z:/build/build/src/ipc/chromium/src/chrome/common/ipc_channel_win.cc, line 346
[Child 3484, Chrome_ChildThread] WARNING: pipe error: 109: file z:/b[Child 12212, Chrome_ChildThread] WARNING: pipe error: 109: file z:/build/build/src/ipc/chromium/src/chrome/common/ipc_channel_win.cc, line 346
[Child 12212, Chrome_ChildThread] WARNING: pipe error: 109: file z:/build/build/src/ipc/chromium/[Parent 8580, Gecko_IOThread] WARNING: pipe error: 109: file z:/build/build/src/ipc/chromium/src/chrome/common/ipc_channel_win.cc, line 346
[Child 6632, Chrome_ChildThread] WARNING: pipe error: 109: file z:/build/build/src/ipc/chromium/src/chrome/common/ipc_channel_win.cc, line 346
[Child 6632, Chrome_ChildThread] WAR*** UTM:SVC TimerManager:registerTimer called after profile-before-change notification. Ignoring timer registration for id: telemetry_modules_ping
1535347512646	geckodriver	INFO	geckodriver 0.21.0
1535347512653	geckodriver	INFO	Listening on 127.0.0.1:64324
1535347515677	mozrunner::runner	INFO	Running command: "C:\\Program Files\\Mozilla Firefox\\firefox.exe" "-marionette" "-headless" "-foreground" "-no-remote" "-profile" "C:\\Users\\Sheldon\\AppData\\Local\\Temp\\rust_mozprofile.uypogHw1oQK4"
*** You are running in headless mode.
Unable to read VR Path Registry from C:\Users\Sheldon\AppData\Local\openvr\openvrpaths.vrpath
Unable to read VR Path Registry from C:\Users\Sheldon\AppData\Local\openvr\openvrpaths.vrpath
Unable to read VR Path Registry from C:\Users\Sheldon\AppData\Local\openvr\openvrpaths.vrpath
Unable to read VR Path Registry from C:\Users\Sheldon\AppData\Local\openvr\openvrpaths.vrpath
1535347516728	Marionette	INFO	Listening on port 64332
1535347516796	Marionette	WARN	TLS certificate errors will be ignored for this session
[Parent 8188, Gecko_IOThread] WARNING: pipe error: 109: file z:/build/build/src/ipc/chromium/src/chrome/common/ipc_channel_win.cc, line 346
[Child 12144, Chrome_ChildThread] WARNING: pipe error: 109: file z:/build/build/src/ipc/chromium/src/chrome/common/ipc_channel_win.cc, line 346
[Child 12144, Chrome_ChildThread] WARNING: pipe error: 109: file z:/build/build/src[Child 10204, Chrome_ChildThread] WARNING: pipe error: 109: file z:/build/build/src/ipc/chromium/src/chrome/common/ipc_channel_win.cc, line 346
[Child 10204, Chrome_ChildThr[Parent 8188, Gecko_IOThread] WARNING: pipe error: 109: file z:/build/build/src/ipc/chromium/src/chrome/common/ipc_channel_win.cc, line 346
[Child 11688, Chrome_ChildThread] WARNING: pipe error: 109: file z:/build/build/src/ipc/chromium/src/chrome/common/ipc_channel_win.cc, line 346
[Child 11688, Chrome_ChildThread] WARNING: pipe error: 109: file z:/build/build/src/ipc/chromium/src/chrome/common/ipc_channel_win.cc,*** UTM:SVC TimerManager:registerTimer called after profile-before-change notification. Ignoring timer registration for id: telemetry_modules_ping
1535347539153	geckodriver	INFO	geckodriver 0.21.0
1535347539160	geckodriver	INFO	Listening on 127.0.0.1:64363
1535347542175	mozrunner::runner	INFO	Running command: "C:\\Program Files\\Mozilla Firefox\\firefox.exe" "-marionette" "-headless" "-foreground" "-no-remote" "-profile" "C:\\Users\\Sheldon\\AppData\\Local\\Temp\\rust_mozprofile.m8WdWGf76VnN"
*** You are running in headless mode.
Unable to read VR Path Registry from C:\Users\Sheldon\AppData\Local\openvr\openvrpaths.vrpath
Unable to read VR Path Registry from C:\Users\Sheldon\AppData\Local\openvr\openvrpaths.vrpath
Unable to read VR Path Registry from C:\Users\Sheldon\AppData\Local\openvr\openvrpaths.vrpath
Unable to read VR Path Registry from C:\Users\Sheldon\AppData\Local\openvr\openvrpaths.vrpath
1535347543274	Marionette	INFO	Listening on port 64371
1535347543292	Marionette	WARN	TLS certificate errors will be ignored for this session
[Parent 5948, Gecko_IOThread] WARNING: pipe error: 109: file z:/build/build/src/ipc/chromium/src/chrome/common/ipc_channel_win.cc, line 346
[Child 12268, Chrome_ChildThread] WARNING: pipe error: 109: file z:/build/build/src/ipc/chromium/src/chrome/common/ipc_channel_win.cc, line 346
[Child 12268, Chrome_Child[Parent 5948, Gecko_IOThread] WARNING: pipe error: 109: file z:/build/build/src/ipc/chromium/src/chrome/common/ipc_channel_win.cc, line 346
*** UTM:SVC TimerManager:registerTimer called after profile-before-change notification. Ignoring timer registration for id: telemetry_modules_ping
1535348547361	geckodriver	INFO	geckodriver 0.21.0
1535348547368	geckodriver	INFO	Listening on 127.0.0.1:64503
1535348550389	mozrunner::runner	INFO	Running command: "C:\\Program Files\\Mozilla Firefox\\firefox.exe" "-marionette" "-headless" "-foreground" "-no-remote" "-profile" "C:\\Users\\Sheldon\\AppData\\Local\\Temp\\rust_mozprofile.8suckp63XATx"
*** You are running in headless mode.
Unable to read VR Path Registry from C:\Users\Sheldon\AppData\Local\openvr\openvrpaths.vrpath
Unable to read VR Path Registry from C:\Users\Sheldon\AppData\Local\openvr\openvrpaths.vrpath
Unable to read VR Path Registry from C:\Users\Sheldon\AppData\Local\openvr\openvrpaths.vrpath
Unable to read VR Path Registry from C:\Users\Sheldon\AppData\Local\openvr\openvrpaths.vrpath
1535348551442	Marionette	INFO	Listening on port 64511
1535348551502	Marionette	WARN	TLS certificate errors will be ignored for this session
[Parent 7392, Gecko_IOThread] WARNING: pipe error: 109: file z:/build/build/src/ipc/chromium/src/chrome/common/ipc_channel_win.cc, line 346
[Child 4236, Chrome_ChildThread] WARNING: pipe error: 109: file z:/build/build/src/ipc/chromium/src/chrome/common/ipc_channel_win.cc, line 346
[Child 4236, Chrome_Chi[Parent 7392, Gecko_IOThread] WARNING: pipe error: 109: file z:/build/build/src/ipc/chromium/src/chrome/common/ipc_channel_win.cc, line 346
[Child 1144, Chrome_ChildThread] WARNING: pipe error: 109: file z:/build/build/src/ipc/chromium/src/chrome/common/ipc_channel_win.cc, line 346
[Child 1144, Chrome_ChildT[Parent 7392, Gecko_IOThread] WARNING: pipe error: 109: file z:/build/build/src/ipc/chromium/src/chrome/common/ipc_channel_win.cc, line 346
*** UTM:SVC TimerManager:registerTimer called after profile-before-change notification. Ignoring timer registration for id: telemetry_modules_ping
1535348619678	geckodriver	INFO	geckodriver 0.21.0
1535348619685	geckodriver	INFO	Listening on 127.0.0.1:64545
1535348622713	mozrunner::runner	INFO	Running command: "C:\\Program Files\\Mozilla Firefox\\firefox.exe" "-marionette" "-headless" "-foreground" "-no-remote" "-profile" "C:\\Users\\Sheldon\\AppData\\Local\\Temp\\rust_mozprofile.DBF3nXr81Cja"
*** You are running in headless mode.
Unable to read VR Path Registry from C:\Users\Sheldon\AppData\Local\openvr\openvrpaths.vrpath
Unable to read VR Path Registry from C:\Users\Sheldon\AppData\Local\openvr\openvrpaths.vrpath
Unable to read VR Path Registry from C:\Users\Sheldon\AppData\Local\openvr\openvrpaths.vrpath
Unable to read VR Path Registry from C:\Users\Sheldon\AppData\Local\openvr\openvrpaths.vrpath
1535348623776	Marionette	INFO	Listening on port 64554
1535348623832	Marionette	WARN	TLS certificate errors will be ignored for this session
[Parent 3320, Gecko_IOThread] WARNING: pipe error: 109: file z:/build/build/src/ipc/chromium/src/chrome/common/ipc_channel_win.cc, line 346
[Child 3408, Chrome_ChildThread] WARNING: pipe error: 109: file z:/build/build/src/ipc/chromium/src/chrome/common/ipc_channel_win.cc, line 346
[Child 3408, Chrome_C*** UTM:SVC TimerManager:registerTimer called after profile-before-change notification. Ignoring timer registration for id: telemetry_modules_ping
